{
  "stats": {
    "suites": 1,
    "tests": 2,
    "passes": 0,
    "pending": 0,
    "failures": 2,
    "start": "2023-07-26T09:48:11.822Z",
    "end": "2023-07-26T09:56:54.110Z",
    "duration": 522288,
    "testsRegistered": 2,
    "passPercent": 0,
    "pendingPercent": 0,
    "other": 0,
    "hasOther": false,
    "skipped": 0,
    "hasSkipped": false
  },
  "results": [
    {
      "uuid": "2b086abc-b645-4346-8222-21800547cd49",
      "title": "",
      "fullFile": "cypress/e2e/Program Management/createProgram.cy.js",
      "file": "cypress/e2e/Program Management/createProgram.cy.js",
      "beforeHooks": [],
      "afterHooks": [],
      "tests": [],
      "suites": [
        {
          "uuid": "47e46c95-cbf9-467e-ad7b-bdd40a6fc578",
          "title": "Create Program",
          "fullFile": "",
          "file": "",
          "beforeHooks": [],
          "afterHooks": [],
          "tests": [
            {
              "title": "Test that user is able to navigate to create program popup",
              "fullTitle": "Create Program Test that user is able to navigate to create program popup",
              "timedOut": null,
              "duration": 82838,
              "state": "failed",
              "speed": null,
              "pass": false,
              "fail": true,
              "pending": false,
              "context": "[\n  {\n    \"title\": \"cypress-mochawesome-reporter-videos\",\n    \"value\": \"cypress/e2e/Program Management/createProgram.cy.js\"\n  },\n  {\n    \"title\": \"cypress-mochawesome-reporter-screenshots\",\n    \"value\": [\n      [\n        {\n          \"title\": \"Failed screenshot\",\n          \"value\": \"/Program Management/createProgram.cy.js/Create Program -- Test that user is able to navigate to create program popup (failed).png\"\n        }\n      ],\n      [\n        {\n          \"title\": \"Failed screenshot\",\n          \"value\": \"/Program Management/createProgram.cy.js/Create Program -- Test that user is able to navigate to create program popup (failed) (attempt 2).png\"\n        }\n      ],\n      [\n        {\n          \"title\": \"Failed screenshot\",\n          \"value\": \"/Program Management/createProgram.cy.js/Create Program -- Test that user is able to navigate to create program popup (failed) (attempt 3).png\"\n        }\n      ]\n    ]\n  }\n]",
              "code": "createProgram.accessCreateProgram();\ncreateProgram.enterProgramDetails();",
              "err": {
                "message": "AssertionError: Timed out retrying after 80000ms: Expected to find content: 'Create new program' but never did.",
                "estack": "AssertionError: Timed out retrying after 80000ms: Expected to find content: 'Create new program' but never did.\n    at CreateProgramPage.eval [as createProgramItem] (webpack:///./cypress/support/pages/Program Management/createProgram-page.js:4:31)\n    at CreateProgramPage.accessCreateProgram (webpack:///./cypress/support/pages/Program Management/createProgram-page.js:21:9)\n    at Context.eval (webpack:///./cypress/e2e/Program Management/createProgram.cy.js:15:18)",
                "diff": null
              },
              "uuid": "abca9e0b-2ce0-4f4f-89d5-e3ea143e4851",
              "parentUUID": "47e46c95-cbf9-467e-ad7b-bdd40a6fc578",
              "isHook": false,
              "skipped": false
            },
            {
              "title": "Test that user is unable to submit the form if the details arent completed",
              "fullTitle": "Create Program Test that user is unable to submit the form if the details arent completed",
              "timedOut": null,
              "duration": 82274,
              "state": "failed",
              "speed": null,
              "pass": false,
              "fail": true,
              "pending": false,
              "context": "[\n  {\n    \"title\": \"cypress-mochawesome-reporter-videos\",\n    \"value\": \"cypress/e2e/Program Management/createProgram.cy.js\"\n  },\n  {\n    \"title\": \"cypress-mochawesome-reporter-screenshots\",\n    \"value\": [\n      [\n        {\n          \"title\": \"Failed screenshot\",\n          \"value\": \"/Program Management/createProgram.cy.js/Create Program -- Test that user is unable to submit the form if the details arent completed (failed).png\"\n        }\n      ],\n      [\n        {\n          \"title\": \"Failed screenshot\",\n          \"value\": \"/Program Management/createProgram.cy.js/Create Program -- Test that user is unable to submit the form if the details arent completed (failed) (attempt 2).png\"\n        }\n      ],\n      [\n        {\n          \"title\": \"Failed screenshot\",\n          \"value\": \"/Program Management/createProgram.cy.js/Create Program -- Test that user is unable to submit the form if the details arent completed (failed) (attempt 3).png\"\n        }\n      ]\n    ]\n  }\n]",
              "code": "createProgram.accessCreateProgram();\ncreateProgram.clickSubmitWithoutData();",
              "err": {
                "message": "AssertionError: Timed out retrying after 80000ms: Expected to find element: `.button-text`, but never found it.",
                "estack": "AssertionError: Timed out retrying after 80000ms: Expected to find element: `.button-text`, but never found it.\n    at CreateProgramPage.eval [as quickActionDropdown] (webpack:///./cypress/support/pages/Program Management/createProgram-page.js:3:5)\n    at CreateProgramPage.accessCreateProgram (webpack:///./cypress/support/pages/Program Management/createProgram-page.js:20:9)\n    at Context.eval (webpack:///./cypress/e2e/Program Management/createProgram.cy.js:20:18)",
                "diff": null
              },
              "uuid": "a9044a5e-b821-4082-bf1e-598b967a08ac",
              "parentUUID": "47e46c95-cbf9-467e-ad7b-bdd40a6fc578",
              "isHook": false,
              "skipped": false
            }
          ],
          "suites": [],
          "passes": [],
          "failures": [
            "abca9e0b-2ce0-4f4f-89d5-e3ea143e4851",
            "a9044a5e-b821-4082-bf1e-598b967a08ac"
          ],
          "pending": [],
          "skipped": [],
          "duration": 165112,
          "root": false,
          "rootEmpty": false,
          "_timeout": 2000
        }
      ],
      "passes": [],
      "failures": [],
      "pending": [],
      "skipped": [],
      "duration": 0,
      "root": true,
      "rootEmpty": true,
      "_timeout": 2000
    }
  ],
  "meta": {
    "mocha": {
      "version": "7.0.1"
    },
    "mochawesome": {
      "options": {
        "quiet": false,
        "reportFilename": "mochawesome",
        "saveHtml": false,
        "saveJson": true,
        "consoleReporter": "spec",
        "useInlineDiffs": false,
        "code": true
      },
      "version": "7.1.3"
    },
    "marge": {
      "options": {
        "charts": true,
        "reportPageTitle": "custom-title",
        "embeddedScreenshots": true,
        "inlineAssets": true,
        "saveAllAttempts": false,
        "overwrite": false,
        "html": false,
        "json": true,
        "reportDir": "cypress/reports/html/.jsons"
      },
      "version": "6.2.0"
    }
  }
}