{
  "stats": {
    "suites": 1,
    "tests": 4,
    "passes": 4,
    "pending": 0,
    "failures": 0,
    "start": "2023-07-07T06:48:44.135Z",
    "end": "2023-07-07T06:50:18.130Z",
    "duration": 93995,
    "testsRegistered": 4,
    "passPercent": 100,
    "pendingPercent": 0,
    "other": 0,
    "hasOther": false,
    "skipped": 0,
    "hasSkipped": false
  },
  "results": [
    {
      "uuid": "b4db2abe-ccf1-4d5b-ac18-0069d19694f6",
      "title": "",
      "fullFile": "cypress/e2e/Administrator/createAdmin.cy.js",
      "file": "cypress/e2e/Administrator/createAdmin.cy.js",
      "beforeHooks": [],
      "afterHooks": [],
      "tests": [],
      "suites": [
        {
          "uuid": "84fe9051-20fc-4341-a682-95f0a0b93ac2",
          "title": "Create Admin",
          "fullFile": "",
          "file": "",
          "beforeHooks": [],
          "afterHooks": [],
          "tests": [
            {
              "title": "Test that user is unable to create program without required details",
              "fullTitle": "Create Admin Test that user is unable to create program without required details",
              "timedOut": null,
              "duration": 60246,
              "state": "passed",
              "speed": "slow",
              "pass": true,
              "fail": false,
              "pending": false,
              "context": "{\n  \"title\": \"cypress-mochawesome-reporter-videos\",\n  \"value\": \"cypress/e2e/Administrator/createAdmin.cy.js\"\n}",
              "code": "createAdmin.accessAdminPage();\ncreateAdmin.createAdminUser();\ncy.get(`[class=\"button-text\"]`).contains(\"Create administrator\").click();\ncy.contains(\"First name is required\").should(\"be.visible\");\ncy.contains(\"Email is required\").should(\"be.visible\");\ncy.contains(\"Last name is required\").should(\"be.visible\");\ncy.contains(\"Phone Number is required\").should(\"be.visible\");\ncy.contains(\"Role is required\").should(\"be.visible\");",
              "err": {},
              "uuid": "4f0bbd3d-7a53-4348-8a40-6dcfa7dc4d16",
              "parentUUID": "84fe9051-20fc-4341-a682-95f0a0b93ac2",
              "isHook": false,
              "skipped": false
            },
            {
              "title": "Test that user is able to complete the form successfully",
              "fullTitle": "Create Admin Test that user is able to complete the form successfully",
              "timedOut": null,
              "duration": 14284,
              "state": "passed",
              "speed": "slow",
              "pass": true,
              "fail": false,
              "pending": false,
              "context": "{\n  \"title\": \"cypress-mochawesome-reporter-videos\",\n  \"value\": \"cypress/e2e/Administrator/createAdmin.cy.js\"\n}",
              "code": "createAdmin.accessAdminPage();\ncreateAdmin.createAdminUser();\ncreateAdmin.completeEntryFields(validEmail);",
              "err": {},
              "uuid": "bdbd9e53-fae3-486d-8059-c95afa0c1206",
              "parentUUID": "84fe9051-20fc-4341-a682-95f0a0b93ac2",
              "isHook": false,
              "skipped": false
            },
            {
              "title": "Test that user is unable to complete the form successfully with invalid email",
              "fullTitle": "Create Admin Test that user is unable to complete the form successfully with invalid email",
              "timedOut": null,
              "duration": 14300,
              "state": "passed",
              "speed": "slow",
              "pass": true,
              "fail": false,
              "pending": false,
              "context": "{\n  \"title\": \"cypress-mochawesome-reporter-videos\",\n  \"value\": \"cypress/e2e/Administrator/createAdmin.cy.js\"\n}",
              "code": "createAdmin.accessAdminPage();\ncreateAdmin.createAdminUser();\ncreateAdmin.completeEntryFields(invalidEmail);\ncy.get(`[class=\"button-text\"]`).contains(\"Create administrator\").click();\ncy.contains(\"emailAddress must be a valid email\").should(\"be.visible\");",
              "err": {},
              "uuid": "dc8ca117-d782-4fab-8ade-9dc0ff4f5a5a",
              "parentUUID": "84fe9051-20fc-4341-a682-95f0a0b93ac2",
              "isHook": false,
              "skipped": false
            },
            {
              "title": "Test that user is unable to submit the form with email address of an existing user",
              "fullTitle": "Create Admin Test that user is unable to submit the form with email address of an existing user",
              "timedOut": null,
              "duration": 5112,
              "state": "passed",
              "speed": "medium",
              "pass": true,
              "fail": false,
              "pending": false,
              "context": "{\n  \"title\": \"cypress-mochawesome-reporter-videos\",\n  \"value\": \"cypress/e2e/Administrator/createAdmin.cy.js\"\n}",
              "code": "createAdmin.accessAdminPage();\ncreateAdmin.createAdminUser();\ncreateAdmin.completeEntryFields(validEmail);\ncy.get(`[class=\"button-text\"]`).contains(\"Create administrator\").click();\ncy.contains(\"Username 'robertoacrl@yopmail.com' is already taken.\").should(\"be.visible\");",
              "err": {},
              "uuid": "fedac7bb-606f-4371-b18e-8fa564302498",
              "parentUUID": "84fe9051-20fc-4341-a682-95f0a0b93ac2",
              "isHook": false,
              "skipped": false
            }
          ],
          "suites": [],
          "passes": [
            "4f0bbd3d-7a53-4348-8a40-6dcfa7dc4d16",
            "bdbd9e53-fae3-486d-8059-c95afa0c1206",
            "dc8ca117-d782-4fab-8ade-9dc0ff4f5a5a",
            "fedac7bb-606f-4371-b18e-8fa564302498"
          ],
          "failures": [],
          "pending": [],
          "skipped": [],
          "duration": 93942,
          "root": false,
          "rootEmpty": false,
          "_timeout": 2000
        }
      ],
      "passes": [],
      "failures": [],
      "pending": [],
      "skipped": [],
      "duration": 0,
      "root": true,
      "rootEmpty": true,
      "_timeout": 2000
    }
  ],
  "meta": {
    "mocha": {
      "version": "7.0.1"
    },
    "mochawesome": {
      "options": {
        "quiet": false,
        "reportFilename": "mochawesome",
        "saveHtml": false,
        "saveJson": true,
        "consoleReporter": "spec",
        "useInlineDiffs": false,
        "code": true
      },
      "version": "7.1.3"
    },
    "marge": {
      "options": {
        "charts": true,
        "reportPageTitle": "custom-title",
        "embeddedScreenshots": true,
        "inlineAssets": true,
        "saveAllAttempts": false,
        "overwrite": false,
        "html": false,
        "json": true,
        "reportDir": "cypress/reports/html/.jsons"
      },
      "version": "6.2.0"
    }
  }
}