{
  "stats": {
    "suites": 1,
    "tests": 1,
    "passes": 0,
    "pending": 0,
    "failures": 1,
    "start": "2023-07-06T23:59:15.695Z",
    "end": "2023-07-07T00:02:16.381Z",
    "duration": 180686,
    "testsRegistered": 4,
    "passPercent": 0,
    "pendingPercent": 0,
    "other": 0,
    "hasOther": false,
    "skipped": 3,
    "hasSkipped": true
  },
  "results": [
    {
      "uuid": "a52d9a48-7981-44b8-baea-e92fa2a8dbe3",
      "title": "",
      "fullFile": "cypress/e2e/User Management/createUser.cy.js",
      "file": "cypress/e2e/User Management/createUser.cy.js",
      "beforeHooks": [],
      "afterHooks": [],
      "tests": [],
      "suites": [
        {
          "uuid": "b10271df-571f-487a-ac50-2eccd9a9c6a9",
          "title": "Create User",
          "fullFile": "",
          "file": "",
          "beforeHooks": [],
          "afterHooks": [],
          "tests": [
            {
              "title": "Test that user is able to complete the form",
              "fullTitle": "Create User Test that user is able to complete the form",
              "timedOut": null,
              "duration": 60201,
              "state": "failed",
              "speed": null,
              "pass": false,
              "fail": true,
              "pending": false,
              "context": "[\n  {\n    \"title\": \"cypress-mochawesome-reporter-videos\",\n    \"value\": \"cypress/e2e/User Management/createUser.cy.js\"\n  },\n  {\n    \"title\": \"cypress-mochawesome-reporter-screenshots\",\n    \"value\": [\n      [\n        {\n          \"title\": \"Failed screenshot\",\n          \"value\": \"/User Management/createUser.cy.js/Create User -- Test that user is able to complete the form (failed).png\"\n        }\n      ],\n      [\n        {\n          \"title\": \"Failed screenshot\",\n          \"value\": \"/User Management/createUser.cy.js/Create User -- Test that user is able to complete the form (failed) (attempt 2).png\"\n        }\n      ],\n      [\n        {\n          \"title\": \"Failed screenshot\",\n          \"value\": \"/User Management/createUser.cy.js/Create User -- Test that user is able to complete the form -- before each hook (failed) (attempt 3).png\"\n        }\n      ]\n    ]\n  }\n]",
              "code": "newUserPage.accessEndUserPage();\nnewUserPage.createEndUser();\nnewUserPage.enterDetails(getPO.email);",
              "err": {
                "message": "CypressError: Timed out after waiting `60000ms` for your remote page to load.\n\nYour page did not fire its `load` event within `60000ms`.\n\nYou can try increasing the `pageLoadTimeout` value in `Users/mac/Documents/whiteLabelPO/whiteLabelPO/cypress.config.js` to wait longer.\n\nBrowsers will not fire the `load` event until all stylesheets and scripts are done downloading.\n\nWhen this `load` event occurs, Cypress will continue running commands.\n\nBecause this error occurred during a `before each` hook we are skipping the remaining tests in the current suite: `Create User`",
                "estack": "CypressError: Timed out after waiting `60000ms` for your remote page to load.\n\nYour page did not fire its `load` event within `60000ms`.\n\nYou can try increasing the `pageLoadTimeout` value in `Users/mac/Documents/whiteLabelPO/whiteLabelPO/cypress.config.js` to wait longer.\n\nBrowsers will not fire the `load` event until all stylesheets and scripts are done downloading.\n\nWhen this `load` event occurs, Cypress will continue running commands.\n\nBecause this error occurred during a `before each` hook we are skipping the remaining tests in the current suite: `Create User`\n    at timedOutWaitingForPageLoad (https://stagingcompanyadmin.essolo.com/__cypress/runner/cypress_runner.js:147127:72)\n    at <unknown> (https://stagingcompanyadmin.essolo.com/__cypress/runner/cypress_runner.js:148101:16)\n    at tryCatcher (https://stagingcompanyadmin.essolo.com/__cypress/runner/cypress_runner.js:18744:23)\n    at <unknown> (https://stagingcompanyadmin.essolo.com/__cypress/runner/cypress_runner.js:13866:41)\n    at tryCatcher (https://stagingcompanyadmin.essolo.com/__cypress/runner/cypress_runner.js:18744:23)\n    at Promise._settlePromiseFromHandler (https://stagingcompanyadmin.essolo.com/__cypress/runner/cypress_runner.js:16679:31)\n    at Promise._settlePromise (https://stagingcompanyadmin.essolo.com/__cypress/runner/cypress_runner.js:16736:18)\n    at Promise._settlePromise0 (https://stagingcompanyadmin.essolo.com/__cypress/runner/cypress_runner.js:16781:10)\n    at Promise._settlePromises (https://stagingcompanyadmin.essolo.com/__cypress/runner/cypress_runner.js:16857:18)\n    at _drainQueueStep (https://stagingcompanyadmin.essolo.com/__cypress/runner/cypress_runner.js:13451:12)\n    at _drainQueue (https://stagingcompanyadmin.essolo.com/__cypress/runner/cypress_runner.js:13444:9)\n    at ../../node_modules/bluebird/js/release/async.js.Async._drainQueues (https://stagingcompanyadmin.essolo.com/__cypress/runner/cypress_runner.js:13460:5)\n    at Async.drainQueues (https://stagingcompanyadmin.essolo.com/__cypress/runner/cypress_runner.js:13330:14)\nFrom Your Spec Code:\n    at LoginPage.accessLoginModal (webpack:///./cypress/support/pages/shared/login-page.js:9:7)\n    at Context.eval (webpack:///./cypress/e2e/User Management/createUser.cy.js:10:14)",
                "diff": null
              },
              "uuid": "a9360cb3-3b89-4ffa-b34c-d111186f0763",
              "parentUUID": "b10271df-571f-487a-ac50-2eccd9a9c6a9",
              "isHook": false,
              "skipped": false
            },
            {
              "title": "Test that user is unable to invite a new user to the organization with invalid email",
              "fullTitle": "Create User Test that user is unable to invite a new user to the organization with invalid email",
              "timedOut": null,
              "duration": 0,
              "state": "skipped",
              "speed": null,
              "pass": false,
              "fail": false,
              "pending": false,
              "context": null,
              "code": "newUserPage.accessEndUserPage();\nnewUserPage.createEndUser();\nnewUserPage.enterDetails(\"hamaz@qa.\");\ncy.get(\".button-text\").contains(\"Create user\").click();\ncy.contains(\"emailAddress must be a valid email\");",
              "err": {},
              "uuid": "bc9cf0da-c989-412e-8e9e-7e17ae06e34c",
              "parentUUID": "b10271df-571f-487a-ac50-2eccd9a9c6a9",
              "isHook": false,
              "skipped": true
            },
            {
              "title": "Test that user is unable to invite a new user to the organization without details",
              "fullTitle": "Create User Test that user is unable to invite a new user to the organization without details",
              "timedOut": null,
              "duration": 0,
              "state": "skipped",
              "speed": null,
              "pass": false,
              "fail": false,
              "pending": false,
              "context": null,
              "code": "newUserPage.accessEndUserPage();\nnewUserPage.createEndUser();\ncy.get(\".button-text\").contains(\"Create user\").click();\ncy.contains(\"Email is required\");\ncy.contains(\"Phone number is required\");\ncy.contains(\"First name is required\");\ncy.contains(\"Last name is required\");\ncy.contains(\"Gender is required\");\ncy.contains(\"Program is required\");\ncy.contains(\"Date of Birth is required\");\ncy.contains(\"Country is required\");",
              "err": {},
              "uuid": "a5c0f4e6-434a-4acb-a940-fb4a42824f57",
              "parentUUID": "b10271df-571f-487a-ac50-2eccd9a9c6a9",
              "isHook": false,
              "skipped": true
            },
            {
              "title": "Test that user is able to invite a new user to the organization",
              "fullTitle": "Create User Test that user is able to invite a new user to the organization",
              "timedOut": null,
              "duration": 0,
              "state": "skipped",
              "speed": null,
              "pass": false,
              "fail": false,
              "pending": false,
              "context": null,
              "code": "newUserPage.accessEndUserPage();\nnewUserPage.createEndUser();\nnewUserPage.enterDetails(getPO.email);\ncy.get(\".button-text\").contains(\"Create user\").click();\ncy.contains(\"Username 'autotester@qa.team' is already taken.\").should(\"be.visible\");",
              "err": {},
              "uuid": "0a8de004-766b-4469-b32a-98d57a443315",
              "parentUUID": "b10271df-571f-487a-ac50-2eccd9a9c6a9",
              "isHook": false,
              "skipped": true
            }
          ],
          "suites": [],
          "passes": [],
          "failures": [
            "a9360cb3-3b89-4ffa-b34c-d111186f0763"
          ],
          "pending": [],
          "skipped": [
            "bc9cf0da-c989-412e-8e9e-7e17ae06e34c",
            "a5c0f4e6-434a-4acb-a940-fb4a42824f57",
            "0a8de004-766b-4469-b32a-98d57a443315"
          ],
          "duration": 60201,
          "root": false,
          "rootEmpty": false,
          "_timeout": 2000
        }
      ],
      "passes": [],
      "failures": [],
      "pending": [],
      "skipped": [],
      "duration": 0,
      "root": true,
      "rootEmpty": true,
      "_timeout": 2000
    }
  ],
  "meta": {
    "mocha": {
      "version": "7.0.1"
    },
    "mochawesome": {
      "options": {
        "quiet": false,
        "reportFilename": "mochawesome",
        "saveHtml": false,
        "saveJson": true,
        "consoleReporter": "spec",
        "useInlineDiffs": false,
        "code": true
      },
      "version": "7.1.3"
    },
    "marge": {
      "options": {
        "charts": true,
        "reportPageTitle": "custom-title",
        "embeddedScreenshots": true,
        "inlineAssets": true,
        "saveAllAttempts": false,
        "overwrite": false,
        "html": false,
        "json": true,
        "reportDir": "cypress/reports/html/.jsons"
      },
      "version": "6.2.0"
    }
  }
}