{
  "stats": {
    "suites": 1,
    "tests": 1,
    "passes": 0,
    "pending": 0,
    "failures": 1,
    "start": "2023-07-07T06:50:33.927Z",
    "end": "2023-07-07T06:53:34.646Z",
    "duration": 180719,
    "testsRegistered": 2,
    "passPercent": 0,
    "pendingPercent": 0,
    "other": 0,
    "hasOther": false,
    "skipped": 1,
    "hasSkipped": true
  },
  "results": [
    {
      "uuid": "5b8d6b56-3939-46d0-833d-d38eca9785e0",
      "title": "",
      "fullFile": "cypress/e2e/Program Management/createProgram.cy.js",
      "file": "cypress/e2e/Program Management/createProgram.cy.js",
      "beforeHooks": [],
      "afterHooks": [],
      "tests": [],
      "suites": [
        {
          "uuid": "bb721ec3-9a02-4df4-a149-ca942c2fd645",
          "title": "Create Program",
          "fullFile": "",
          "file": "",
          "beforeHooks": [],
          "afterHooks": [],
          "tests": [
            {
              "title": "Test that user is able to navigate to create program popup",
              "fullTitle": "Create Program Test that user is able to navigate to create program popup",
              "timedOut": null,
              "duration": 60209,
              "state": "failed",
              "speed": null,
              "pass": false,
              "fail": true,
              "pending": false,
              "context": "[\n  {\n    \"title\": \"cypress-mochawesome-reporter-videos\",\n    \"value\": \"cypress/e2e/Program Management/createProgram.cy.js\"\n  },\n  {\n    \"title\": \"cypress-mochawesome-reporter-screenshots\",\n    \"value\": [\n      [\n        {\n          \"title\": \"Failed screenshot\",\n          \"value\": \"/Program Management/createProgram.cy.js/Create Program -- Test that user is able to navigate to create program popup (failed).png\"\n        }\n      ],\n      [\n        {\n          \"title\": \"Failed screenshot\",\n          \"value\": \"/Program Management/createProgram.cy.js/Create Program -- Test that user is able to navigate to create program popup (failed) (attempt 2).png\"\n        }\n      ],\n      [\n        {\n          \"title\": \"Failed screenshot\",\n          \"value\": \"/Program Management/createProgram.cy.js/Create Program -- Test that user is able to navigate to create program popup -- before each hook (failed) (attempt 3).png\"\n        }\n      ]\n    ]\n  }\n]",
              "code": "createProgram.accessCreateProgram();\ncreateProgram.enterProgramDetails();",
              "err": {
                "message": "CypressError: Timed out after waiting `60000ms` for your remote page to load.\n\nYour page did not fire its `load` event within `60000ms`.\n\nYou can try increasing the `pageLoadTimeout` value in `Users/mac/Documents/whiteLabelPO/whiteLabelPO/cypress.config.js` to wait longer.\n\nBrowsers will not fire the `load` event until all stylesheets and scripts are done downloading.\n\nWhen this `load` event occurs, Cypress will continue running commands.\n\nBecause this error occurred during a `before each` hook we are skipping the remaining tests in the current suite: `Create Program`",
                "estack": "CypressError: Timed out after waiting `60000ms` for your remote page to load.\n\nYour page did not fire its `load` event within `60000ms`.\n\nYou can try increasing the `pageLoadTimeout` value in `Users/mac/Documents/whiteLabelPO/whiteLabelPO/cypress.config.js` to wait longer.\n\nBrowsers will not fire the `load` event until all stylesheets and scripts are done downloading.\n\nWhen this `load` event occurs, Cypress will continue running commands.\n\nBecause this error occurred during a `before each` hook we are skipping the remaining tests in the current suite: `Create Program`\n    at timedOutWaitingForPageLoad (https://stagingcompanyadmin.essolo.com/__cypress/runner/cypress_runner.js:147127:72)\n    at <unknown> (https://stagingcompanyadmin.essolo.com/__cypress/runner/cypress_runner.js:148101:16)\n    at tryCatcher (https://stagingcompanyadmin.essolo.com/__cypress/runner/cypress_runner.js:18744:23)\n    at <unknown> (https://stagingcompanyadmin.essolo.com/__cypress/runner/cypress_runner.js:13866:41)\n    at tryCatcher (https://stagingcompanyadmin.essolo.com/__cypress/runner/cypress_runner.js:18744:23)\n    at Promise._settlePromiseFromHandler (https://stagingcompanyadmin.essolo.com/__cypress/runner/cypress_runner.js:16679:31)\n    at Promise._settlePromise (https://stagingcompanyadmin.essolo.com/__cypress/runner/cypress_runner.js:16736:18)\n    at Promise._settlePromise0 (https://stagingcompanyadmin.essolo.com/__cypress/runner/cypress_runner.js:16781:10)\n    at Promise._settlePromises (https://stagingcompanyadmin.essolo.com/__cypress/runner/cypress_runner.js:16857:18)\n    at _drainQueueStep (https://stagingcompanyadmin.essolo.com/__cypress/runner/cypress_runner.js:13451:12)\n    at _drainQueue (https://stagingcompanyadmin.essolo.com/__cypress/runner/cypress_runner.js:13444:9)\n    at ../../node_modules/bluebird/js/release/async.js.Async._drainQueues (https://stagingcompanyadmin.essolo.com/__cypress/runner/cypress_runner.js:13460:5)\n    at Async.drainQueues (https://stagingcompanyadmin.essolo.com/__cypress/runner/cypress_runner.js:13330:14)\nFrom Your Spec Code:\n    at LoginPage.accessLoginModal (webpack:///./cypress/support/pages/shared/login-page.js:9:7)\n    at Context.eval (webpack:///./cypress/e2e/Program Management/createProgram.cy.js:10:14)",
                "diff": null
              },
              "uuid": "91f5bccb-4ec0-461b-832c-94bf36a80835",
              "parentUUID": "bb721ec3-9a02-4df4-a149-ca942c2fd645",
              "isHook": false,
              "skipped": false
            },
            {
              "title": "Test that user is unable to submit the form if the details arent completed",
              "fullTitle": "Create Program Test that user is unable to submit the form if the details arent completed",
              "timedOut": null,
              "duration": 0,
              "state": "skipped",
              "speed": null,
              "pass": false,
              "fail": false,
              "pending": false,
              "context": null,
              "code": "createProgram.accessCreateProgram();\ncreateProgram.clickSubmitWithoutData();",
              "err": {},
              "uuid": "b7925139-a269-4add-83ff-69d33fafa160",
              "parentUUID": "bb721ec3-9a02-4df4-a149-ca942c2fd645",
              "isHook": false,
              "skipped": true
            }
          ],
          "suites": [],
          "passes": [],
          "failures": [
            "91f5bccb-4ec0-461b-832c-94bf36a80835"
          ],
          "pending": [],
          "skipped": [
            "b7925139-a269-4add-83ff-69d33fafa160"
          ],
          "duration": 60209,
          "root": false,
          "rootEmpty": false,
          "_timeout": 2000
        }
      ],
      "passes": [],
      "failures": [],
      "pending": [],
      "skipped": [],
      "duration": 0,
      "root": true,
      "rootEmpty": true,
      "_timeout": 2000
    }
  ],
  "meta": {
    "mocha": {
      "version": "7.0.1"
    },
    "mochawesome": {
      "options": {
        "quiet": false,
        "reportFilename": "mochawesome",
        "saveHtml": false,
        "saveJson": true,
        "consoleReporter": "spec",
        "useInlineDiffs": false,
        "code": true
      },
      "version": "7.1.3"
    },
    "marge": {
      "options": {
        "charts": true,
        "reportPageTitle": "custom-title",
        "embeddedScreenshots": true,
        "inlineAssets": true,
        "saveAllAttempts": false,
        "overwrite": false,
        "html": false,
        "json": true,
        "reportDir": "cypress/reports/html/.jsons"
      },
      "version": "6.2.0"
    }
  }
}