{
  "stats": {
    "suites": 1,
    "tests": 2,
    "passes": 2,
    "pending": 0,
    "failures": 0,
    "start": "2023-07-06T23:31:09.709Z",
    "end": "2023-07-06T23:31:32.247Z",
    "duration": 22538,
    "testsRegistered": 2,
    "passPercent": 100,
    "pendingPercent": 0,
    "other": 0,
    "hasOther": false,
    "skipped": 0,
    "hasSkipped": false
  },
  "results": [
    {
      "uuid": "a4367c77-682d-4e61-806f-a8c5e31008d6",
      "title": "",
      "fullFile": "cypress/e2e/Administrator/changeRole.cy.js",
      "file": "cypress/e2e/Administrator/changeRole.cy.js",
      "beforeHooks": [],
      "afterHooks": [],
      "tests": [],
      "suites": [
        {
          "uuid": "04586122-f312-4d00-8c32-2df5789ababa",
          "title": "Change Role",
          "fullFile": "",
          "file": "",
          "beforeHooks": [],
          "afterHooks": [],
          "tests": [
            {
              "title": "Test that user is able to change role from audit admin to program admin",
              "fullTitle": "Change Role Test that user is able to change role from audit admin to program admin",
              "timedOut": null,
              "duration": 17900,
              "state": "passed",
              "speed": "slow",
              "pass": true,
              "fail": false,
              "pending": false,
              "context": "{\n  \"title\": \"cypress-mochawesome-reporter-videos\",\n  \"value\": \"cypress/e2e/Administrator/changeRole.cy.js\"\n}",
              "code": "createAdmin.accessAdminPage();\ncy.get('table').scrollIntoView();\ncy.get(\"table\").contains(\"td\", \"Audit Admin\").first().should(\"be.visible\");\nchangeRole.clickSecondItem(newRole);\ncreateAdmin.accessAdminPage();\ncy.get('table').scrollIntoView();\ncy.get(\"table\").contains(\"td\", \"Program Management Admin\").first().should(\"be.visible\");",
              "err": {},
              "uuid": "4fa6c200-13d7-448b-9574-fd4ea22059f7",
              "parentUUID": "04586122-f312-4d00-8c32-2df5789ababa",
              "isHook": false,
              "skipped": false
            },
            {
              "title": "Test that user is able to change role from program admin to audit admin",
              "fullTitle": "Change Role Test that user is able to change role from program admin to audit admin",
              "timedOut": null,
              "duration": 4598,
              "state": "passed",
              "speed": "fast",
              "pass": true,
              "fail": false,
              "pending": false,
              "context": "{\n  \"title\": \"cypress-mochawesome-reporter-videos\",\n  \"value\": \"cypress/e2e/Administrator/changeRole.cy.js\"\n}",
              "code": "createAdmin.accessAdminPage();\ncy.get('table').scrollIntoView();\ncy.get(\"table\").contains(\"td\", \"Program Management Admin\").first().should(\"be.visible\");\nchangeRole.changeSelection(oldRole);\ncreateAdmin.accessAdminPage();\ncy.get('table').scrollIntoView();\ncy.get(\"table\").contains(\"td\", \"Audit Admin\").first().should(\"be.visible\");",
              "err": {},
              "uuid": "1cc52846-5118-4f10-8f38-2cae50719e0c",
              "parentUUID": "04586122-f312-4d00-8c32-2df5789ababa",
              "isHook": false,
              "skipped": false
            }
          ],
          "suites": [],
          "passes": [
            "4fa6c200-13d7-448b-9574-fd4ea22059f7",
            "1cc52846-5118-4f10-8f38-2cae50719e0c"
          ],
          "failures": [],
          "pending": [],
          "skipped": [],
          "duration": 22498,
          "root": false,
          "rootEmpty": false,
          "_timeout": 2000
        }
      ],
      "passes": [],
      "failures": [],
      "pending": [],
      "skipped": [],
      "duration": 0,
      "root": true,
      "rootEmpty": true,
      "_timeout": 2000
    }
  ],
  "meta": {
    "mocha": {
      "version": "7.0.1"
    },
    "mochawesome": {
      "options": {
        "quiet": false,
        "reportFilename": "mochawesome",
        "saveHtml": false,
        "saveJson": true,
        "consoleReporter": "spec",
        "useInlineDiffs": false,
        "code": true
      },
      "version": "7.1.3"
    },
    "marge": {
      "options": {
        "charts": true,
        "reportPageTitle": "custom-title",
        "embeddedScreenshots": true,
        "inlineAssets": true,
        "saveAllAttempts": false,
        "overwrite": false,
        "html": false,
        "json": true,
        "reportDir": "cypress/reports/html/.jsons"
      },
      "version": "6.2.0"
    }
  }
}