{
  "stats": {
    "suites": 1,
    "tests": 2,
    "passes": 1,
    "pending": 0,
    "failures": 1,
    "start": "2023-07-26T11:06:31.742Z",
    "end": "2023-07-26T11:10:53.834Z",
    "duration": 262092,
    "testsRegistered": 2,
    "passPercent": 50,
    "pendingPercent": 0,
    "other": 0,
    "hasOther": false,
    "skipped": 0,
    "hasSkipped": false
  },
  "results": [
    {
      "uuid": "96be72e8-41e1-4aa1-a83c-e936fd168b37",
      "title": "",
      "fullFile": "cypress/e2e/Transactions/viewTransaction.cy.js",
      "file": "cypress/e2e/Transactions/viewTransaction.cy.js",
      "beforeHooks": [],
      "afterHooks": [],
      "tests": [],
      "suites": [
        {
          "uuid": "30289fd7-41a2-4a8f-93f0-11cc040f2502",
          "title": "Transactions",
          "fullFile": "",
          "file": "",
          "beforeHooks": [],
          "afterHooks": [],
          "tests": [
            {
              "title": "Test that user is able to view transactions",
              "fullTitle": "Transactions Test that user is able to view transactions",
              "timedOut": null,
              "duration": 12056,
              "state": "passed",
              "speed": "slow",
              "pass": true,
              "fail": false,
              "pending": false,
              "context": "{\n  \"title\": \"cypress-mochawesome-reporter-videos\",\n  \"value\": \"cypress/e2e/Transactions/viewTransaction.cy.js\"\n}",
              "code": "viewTransactions.accessTransactionsPage();\ncy.get(\"table\").contains(\"td\", \"USD\").first().should(\"be.visible\");\ncy.get(':nth-child(1) > :nth-child(9) > button > span').click({\n  force: true\n});",
              "err": {},
              "uuid": "e16813f6-bcee-48c3-9e82-e7c89e6e7ebf",
              "parentUUID": "30289fd7-41a2-4a8f-93f0-11cc040f2502",
              "isHook": false,
              "skipped": false
            },
            {
              "title": "Test that user is able to use the filter options on the table",
              "fullTitle": "Transactions Test that user is able to use the filter options on the table",
              "timedOut": null,
              "duration": 83459,
              "state": "failed",
              "speed": null,
              "pass": false,
              "fail": true,
              "pending": false,
              "context": "[\n  {\n    \"title\": \"cypress-mochawesome-reporter-videos\",\n    \"value\": \"cypress/e2e/Transactions/viewTransaction.cy.js\"\n  },\n  {\n    \"title\": \"cypress-mochawesome-reporter-screenshots\",\n    \"value\": [\n      [\n        {\n          \"title\": \"Failed screenshot\",\n          \"value\": \"/Transactions/viewTransaction.cy.js/Transactions -- Test that user is able to use the filter options on the table (failed).png\"\n        }\n      ],\n      [\n        {\n          \"title\": \"Failed screenshot\",\n          \"value\": \"/Transactions/viewTransaction.cy.js/Transactions -- Test that user is able to use the filter options on the table (failed) (attempt 2).png\"\n        }\n      ],\n      [\n        {\n          \"title\": \"Failed screenshot\",\n          \"value\": \"/Transactions/viewTransaction.cy.js/Transactions -- Test that user is able to use the filter options on the table (failed) (attempt 3).png\"\n        }\n      ]\n    ]\n  }\n]",
              "code": "viewTransactions.accessTransactionsPage();\ncy.get(\"table\").contains(\"td\", \"USD\").first().should(\"be.visible\");\nviewTransactions.sortByDate();",
              "err": {
                "message": "AssertionError: Timed out retrying after 80000ms: Expected to find content: '2023-07-03' within the element: <table> but never did.",
                "estack": "AssertionError: Timed out retrying after 80000ms: Expected to find content: '2023-07-03' within the element: <table> but never did.\n    at ViewTransactionPage.sortByDate (webpack:///./cypress/support/pages/Transactions/viewTransaction-page.js:24:47)\n    at Context.eval (webpack:///./cypress/e2e/Transactions/viewTransaction.cy.js:25:21)",
                "diff": null
              },
              "uuid": "31499139-43d9-4abb-9e6e-b85295584c4f",
              "parentUUID": "30289fd7-41a2-4a8f-93f0-11cc040f2502",
              "isHook": false,
              "skipped": false
            }
          ],
          "suites": [],
          "passes": [
            "e16813f6-bcee-48c3-9e82-e7c89e6e7ebf"
          ],
          "failures": [
            "31499139-43d9-4abb-9e6e-b85295584c4f"
          ],
          "pending": [],
          "skipped": [],
          "duration": 95515,
          "root": false,
          "rootEmpty": false,
          "_timeout": 2000
        }
      ],
      "passes": [],
      "failures": [],
      "pending": [],
      "skipped": [],
      "duration": 0,
      "root": true,
      "rootEmpty": true,
      "_timeout": 2000
    }
  ],
  "meta": {
    "mocha": {
      "version": "7.0.1"
    },
    "mochawesome": {
      "options": {
        "quiet": false,
        "reportFilename": "mochawesome",
        "saveHtml": false,
        "saveJson": true,
        "consoleReporter": "spec",
        "useInlineDiffs": false,
        "code": true
      },
      "version": "7.1.3"
    },
    "marge": {
      "options": {
        "charts": true,
        "reportPageTitle": "custom-title",
        "embeddedScreenshots": true,
        "inlineAssets": true,
        "saveAllAttempts": false,
        "overwrite": false,
        "html": false,
        "json": true,
        "reportDir": "cypress/reports/html/.jsons"
      },
      "version": "6.2.0"
    }
  }
}