{
  "stats": {
    "suites": 1,
    "tests": 2,
    "passes": 2,
    "pending": 0,
    "failures": 0,
    "start": "2023-07-07T06:47:26.820Z",
    "end": "2023-07-07T06:48:32.234Z",
    "duration": 65414,
    "testsRegistered": 2,
    "passPercent": 100,
    "pendingPercent": 0,
    "other": 0,
    "hasOther": false,
    "skipped": 0,
    "hasSkipped": false
  },
  "results": [
    {
      "uuid": "6e08b60d-8ddf-488e-9fe9-aa111ebe37c7",
      "title": "",
      "fullFile": "cypress/e2e/Administrator/changeRole.cy.js",
      "file": "cypress/e2e/Administrator/changeRole.cy.js",
      "beforeHooks": [],
      "afterHooks": [],
      "tests": [],
      "suites": [
        {
          "uuid": "51c99042-b757-4364-b207-ac2ddc7688b8",
          "title": "Change Role",
          "fullFile": "",
          "file": "",
          "beforeHooks": [],
          "afterHooks": [],
          "tests": [
            {
              "title": "Test that user is able to change role from audit admin to program admin",
              "fullTitle": "Change Role Test that user is able to change role from audit admin to program admin",
              "timedOut": null,
              "duration": 60249,
              "state": "passed",
              "speed": "slow",
              "pass": true,
              "fail": false,
              "pending": false,
              "context": "{\n  \"title\": \"cypress-mochawesome-reporter-videos\",\n  \"value\": \"cypress/e2e/Administrator/changeRole.cy.js\"\n}",
              "code": "createAdmin.accessAdminPage();\ncy.get('table').scrollIntoView();\ncy.get(\"table\").contains(\"td\", \"Audit Admin\").first().should(\"be.visible\");\nchangeRole.clickSecondItem(newRole);\ncreateAdmin.accessAdminPage();\ncy.get('table').scrollIntoView();\ncy.get(\"table\").contains(\"td\", \"Program Management Admin\").first().should(\"be.visible\");",
              "err": {},
              "uuid": "4c31e33e-bbc8-4e14-9696-8c87a53a1394",
              "parentUUID": "51c99042-b757-4364-b207-ac2ddc7688b8",
              "isHook": false,
              "skipped": false
            },
            {
              "title": "Test that user is able to change role from program admin to audit admin",
              "fullTitle": "Change Role Test that user is able to change role from program admin to audit admin",
              "timedOut": null,
              "duration": 5123,
              "state": "passed",
              "speed": "medium",
              "pass": true,
              "fail": false,
              "pending": false,
              "context": "{\n  \"title\": \"cypress-mochawesome-reporter-videos\",\n  \"value\": \"cypress/e2e/Administrator/changeRole.cy.js\"\n}",
              "code": "createAdmin.accessAdminPage();\ncy.get('table').scrollIntoView();\ncy.get(\"table\").contains(\"td\", \"Program Management Admin\").first().should(\"be.visible\");\nchangeRole.changeSelection(oldRole);\ncreateAdmin.accessAdminPage();\ncy.get('table').scrollIntoView();\ncy.get(\"table\").contains(\"td\", \"Audit Admin\").first().should(\"be.visible\");",
              "err": {},
              "uuid": "3f2f22da-806f-4cc2-8684-a165847ddc39",
              "parentUUID": "51c99042-b757-4364-b207-ac2ddc7688b8",
              "isHook": false,
              "skipped": false
            }
          ],
          "suites": [],
          "passes": [
            "4c31e33e-bbc8-4e14-9696-8c87a53a1394",
            "3f2f22da-806f-4cc2-8684-a165847ddc39"
          ],
          "failures": [],
          "pending": [],
          "skipped": [],
          "duration": 65372,
          "root": false,
          "rootEmpty": false,
          "_timeout": 2000
        }
      ],
      "passes": [],
      "failures": [],
      "pending": [],
      "skipped": [],
      "duration": 0,
      "root": true,
      "rootEmpty": true,
      "_timeout": 2000
    }
  ],
  "meta": {
    "mocha": {
      "version": "7.0.1"
    },
    "mochawesome": {
      "options": {
        "quiet": false,
        "reportFilename": "mochawesome",
        "saveHtml": false,
        "saveJson": true,
        "consoleReporter": "spec",
        "useInlineDiffs": false,
        "code": true
      },
      "version": "7.1.3"
    },
    "marge": {
      "options": {
        "charts": true,
        "reportPageTitle": "custom-title",
        "embeddedScreenshots": true,
        "inlineAssets": true,
        "saveAllAttempts": false,
        "overwrite": false,
        "html": false,
        "json": true,
        "reportDir": "cypress/reports/html/.jsons"
      },
      "version": "6.2.0"
    }
  }
}