{
  "stats": {
    "suites": 1,
    "tests": 4,
    "passes": 2,
    "pending": 0,
    "failures": 2,
    "start": "2023-07-07T07:03:22.444Z",
    "end": "2023-07-07T07:13:07.269Z",
    "duration": 584825,
    "testsRegistered": 4,
    "passPercent": 50,
    "pendingPercent": 0,
    "other": 0,
    "hasOther": false,
    "skipped": 0,
    "hasSkipped": false
  },
  "results": [
    {
      "uuid": "1afe8557-e0c2-470b-8c70-7860603a9306",
      "title": "",
      "fullFile": "cypress/e2e/User Management/createUser.cy.js",
      "file": "cypress/e2e/User Management/createUser.cy.js",
      "beforeHooks": [],
      "afterHooks": [],
      "tests": [],
      "suites": [
        {
          "uuid": "bc3105b6-6698-4e02-b43f-3946d07ec9c7",
          "title": "Create User",
          "fullFile": "",
          "file": "",
          "beforeHooks": [],
          "afterHooks": [],
          "tests": [
            {
              "title": "Test that user is able to complete the form",
              "fullTitle": "Create User Test that user is able to complete the form",
              "timedOut": null,
              "duration": 115815,
              "state": "failed",
              "speed": null,
              "pass": false,
              "fail": true,
              "pending": false,
              "context": "[\n  {\n    \"title\": \"cypress-mochawesome-reporter-videos\",\n    \"value\": \"cypress/e2e/User Management/createUser.cy.js\"\n  },\n  {\n    \"title\": \"cypress-mochawesome-reporter-screenshots\",\n    \"value\": [\n      [\n        {\n          \"title\": \"Failed screenshot\",\n          \"value\": \"/User Management/createUser.cy.js/Create User -- Test that user is able to complete the form (failed).png\"\n        }\n      ],\n      [\n        {\n          \"title\": \"Failed screenshot\",\n          \"value\": \"/User Management/createUser.cy.js/Create User -- Test that user is able to complete the form (failed) (attempt 2).png\"\n        }\n      ],\n      [\n        {\n          \"title\": \"Failed screenshot\",\n          \"value\": \"/User Management/createUser.cy.js/Create User -- Test that user is able to complete the form (failed) (attempt 3).png\"\n        }\n      ]\n    ]\n  }\n]",
              "code": "newUserPage.accessEndUserPage();\nnewUserPage.createEndUser();\nnewUserPage.enterDetails(getPO.email);",
              "err": {
                "message": "AssertionError: Timed out retrying after 80000ms: Expected to find element: `[href=\"/dashboard/users\"] > span`, but never found it.",
                "estack": "AssertionError: Timed out retrying after 80000ms: Expected to find element: `[href=\"/dashboard/users\"] > span`, but never found it.\n    at CreateUserPage.eval [as endUserMenuItem] (webpack:///./cypress/support/pages/User Management/createUser-page.js:9:7)\n    at CreateUserPage.accessEndUserPage (webpack:///./cypress/support/pages/User Management/createUser-page.js:43:9)\n    at Context.eval (webpack:///./cypress/e2e/User Management/createUser.cy.js:15:16)",
                "diff": null
              },
              "uuid": "54faf99a-c204-4000-b5db-492e1e159549",
              "parentUUID": "bc3105b6-6698-4e02-b43f-3946d07ec9c7",
              "isHook": false,
              "skipped": false
            },
            {
              "title": "Test that user is unable to invite a new user to the organization with invalid email",
              "fullTitle": "Create User Test that user is unable to invite a new user to the organization with invalid email",
              "timedOut": null,
              "duration": 12840,
              "state": "passed",
              "speed": "slow",
              "pass": true,
              "fail": false,
              "pending": false,
              "context": "[\n  {\n    \"title\": \"cypress-mochawesome-reporter-videos\",\n    \"value\": \"cypress/e2e/User Management/createUser.cy.js\"\n  },\n  {\n    \"title\": \"cypress-mochawesome-reporter-screenshots\",\n    \"value\": [\n      [\n        {\n          \"title\": \"Failed screenshot\",\n          \"value\": \"/User Management/createUser.cy.js/Create User -- Test that user is unable to invite a new user to the organization with invalid email (failed).png\"\n        }\n      ],\n      []\n    ]\n  }\n]",
              "code": "newUserPage.accessEndUserPage();\nnewUserPage.createEndUser();\nnewUserPage.enterDetails(\"hamaz@qa.\");\ncy.get(\".button-text\").contains(\"Create user\").click();\ncy.contains(\"emailAddress must be a valid email\");",
              "err": {},
              "uuid": "2365938c-d902-4b33-bd7c-b6632f2baaf9",
              "parentUUID": "bc3105b6-6698-4e02-b43f-3946d07ec9c7",
              "isHook": false,
              "skipped": false
            },
            {
              "title": "Test that user is unable to invite a new user to the organization without details",
              "fullTitle": "Create User Test that user is unable to invite a new user to the organization without details",
              "timedOut": null,
              "duration": 82905,
              "state": "failed",
              "speed": null,
              "pass": false,
              "fail": true,
              "pending": false,
              "context": "[\n  {\n    \"title\": \"cypress-mochawesome-reporter-videos\",\n    \"value\": \"cypress/e2e/User Management/createUser.cy.js\"\n  },\n  {\n    \"title\": \"cypress-mochawesome-reporter-screenshots\",\n    \"value\": [\n      [\n        {\n          \"title\": \"Failed screenshot\",\n          \"value\": \"/User Management/createUser.cy.js/Create User -- Test that user is unable to invite a new user to the organization without details (failed).png\"\n        }\n      ],\n      [\n        {\n          \"title\": \"Failed screenshot\",\n          \"value\": \"/User Management/createUser.cy.js/Create User -- Test that user is unable to invite a new user to the organization without details (failed) (attempt 2).png\"\n        }\n      ],\n      [\n        {\n          \"title\": \"Failed screenshot\",\n          \"value\": \"/User Management/createUser.cy.js/Create User -- Test that user is unable to invite a new user to the organization without details (failed) (attempt 3).png\"\n        }\n      ]\n    ]\n  }\n]",
              "code": "newUserPage.accessEndUserPage();\nnewUserPage.createEndUser();\ncy.get(\".button-text\").contains(\"Create user\").click();\ncy.contains(\"Email is required\");\ncy.contains(\"Phone number is required\");\ncy.contains(\"First name is required\");\ncy.contains(\"Last name is required\");\ncy.contains(\"Gender is required\");\ncy.contains(\"Program is required\");\ncy.contains(\"Date of Birth is required\");\ncy.contains(\"Country is required\");",
              "err": {
                "message": "AssertionError: Timed out retrying after 80000ms: Expected to find content: 'Country is required' but never did.",
                "estack": "AssertionError: Timed out retrying after 80000ms: Expected to find content: 'Country is required' but never did.\n    at Context.eval (webpack:///./cypress/e2e/User Management/createUser.cy.js:39:7)",
                "diff": null
              },
              "uuid": "5c104dad-9191-4323-b650-37086a238526",
              "parentUUID": "bc3105b6-6698-4e02-b43f-3946d07ec9c7",
              "isHook": false,
              "skipped": false
            },
            {
              "title": "Test that user is able to invite a new user to the organization",
              "fullTitle": "Create User Test that user is able to invite a new user to the organization",
              "timedOut": null,
              "duration": 6806,
              "state": "passed",
              "speed": "medium",
              "pass": true,
              "fail": false,
              "pending": false,
              "context": "{\n  \"title\": \"cypress-mochawesome-reporter-videos\",\n  \"value\": \"cypress/e2e/User Management/createUser.cy.js\"\n}",
              "code": "newUserPage.accessEndUserPage();\nnewUserPage.createEndUser();\nnewUserPage.enterDetails(getPO.email);\ncy.get(\".button-text\").contains(\"Create user\").click();\ncy.contains(\"Username 'autotester@qa.team' is already taken.\").should(\"be.visible\");",
              "err": {},
              "uuid": "421f6ed5-c698-4906-9327-8aff91055534",
              "parentUUID": "bc3105b6-6698-4e02-b43f-3946d07ec9c7",
              "isHook": false,
              "skipped": false
            }
          ],
          "suites": [],
          "passes": [
            "2365938c-d902-4b33-bd7c-b6632f2baaf9",
            "421f6ed5-c698-4906-9327-8aff91055534"
          ],
          "failures": [
            "54faf99a-c204-4000-b5db-492e1e159549",
            "5c104dad-9191-4323-b650-37086a238526"
          ],
          "pending": [],
          "skipped": [],
          "duration": 218366,
          "root": false,
          "rootEmpty": false,
          "_timeout": 2000
        }
      ],
      "passes": [],
      "failures": [],
      "pending": [],
      "skipped": [],
      "duration": 0,
      "root": true,
      "rootEmpty": true,
      "_timeout": 2000
    }
  ],
  "meta": {
    "mocha": {
      "version": "7.0.1"
    },
    "mochawesome": {
      "options": {
        "quiet": false,
        "reportFilename": "mochawesome",
        "saveHtml": false,
        "saveJson": true,
        "consoleReporter": "spec",
        "useInlineDiffs": false,
        "code": true
      },
      "version": "7.1.3"
    },
    "marge": {
      "options": {
        "charts": true,
        "reportPageTitle": "custom-title",
        "embeddedScreenshots": true,
        "inlineAssets": true,
        "saveAllAttempts": false,
        "overwrite": false,
        "html": false,
        "json": true,
        "reportDir": "cypress/reports/html/.jsons"
      },
      "version": "6.2.0"
    }
  }
}