{
  "stats": {
    "suites": 1,
    "tests": 4,
    "passes": 4,
    "pending": 0,
    "failures": 0,
    "start": "2023-07-26T09:47:36.364Z",
    "end": "2023-07-26T09:48:05.050Z",
    "duration": 28686,
    "testsRegistered": 4,
    "passPercent": 100,
    "pendingPercent": 0,
    "other": 0,
    "hasOther": false,
    "skipped": 0,
    "hasSkipped": false
  },
  "results": [
    {
      "uuid": "1c01786b-205e-40ae-8cff-55eb564e9c07",
      "title": "",
      "fullFile": "cypress/e2e/Administrator/createAdmin.cy.js",
      "file": "cypress/e2e/Administrator/createAdmin.cy.js",
      "beforeHooks": [],
      "afterHooks": [],
      "tests": [],
      "suites": [
        {
          "uuid": "84940b85-5bb3-4d0c-826c-2d52bb23c75d",
          "title": "Create Admin",
          "fullFile": "",
          "file": "",
          "beforeHooks": [],
          "afterHooks": [],
          "tests": [
            {
              "title": "Test that user is unable to create program without required details",
              "fullTitle": "Create Admin Test that user is unable to create program without required details",
              "timedOut": null,
              "duration": 15357,
              "state": "passed",
              "speed": "slow",
              "pass": true,
              "fail": false,
              "pending": false,
              "context": "{\n  \"title\": \"cypress-mochawesome-reporter-videos\",\n  \"value\": \"cypress/e2e/Administrator/createAdmin.cy.js\"\n}",
              "code": "createAdmin.accessAdminPage();\ncreateAdmin.createAdminUser();\ncy.get(`[class=\"button-text\"]`).contains(\"Create Administrator\").click();\ncy.contains(\"First name is required\").should(\"be.visible\");\ncy.contains(\"Email is required\").should(\"be.visible\");\ncy.contains(\"Last name is required\").should(\"be.visible\");\ncy.contains(\"Phone is required\").should(\"be.visible\");\ncy.contains(\"Role is required\").should(\"be.visible\");",
              "err": {},
              "uuid": "50490b86-107c-40fe-9ee0-da60f1136dd7",
              "parentUUID": "84940b85-5bb3-4d0c-826c-2d52bb23c75d",
              "isHook": false,
              "skipped": false
            },
            {
              "title": "Test that user is able to complete the form successfully",
              "fullTitle": "Create Admin Test that user is able to complete the form successfully",
              "timedOut": null,
              "duration": 3962,
              "state": "passed",
              "speed": "fast",
              "pass": true,
              "fail": false,
              "pending": false,
              "context": "{\n  \"title\": \"cypress-mochawesome-reporter-videos\",\n  \"value\": \"cypress/e2e/Administrator/createAdmin.cy.js\"\n}",
              "code": "createAdmin.accessAdminPage();\ncreateAdmin.createAdminUser();\ncreateAdmin.completeEntryFields(validEmail);",
              "err": {},
              "uuid": "8d296142-7175-4de2-8845-258ac0d393bc",
              "parentUUID": "84940b85-5bb3-4d0c-826c-2d52bb23c75d",
              "isHook": false,
              "skipped": false
            },
            {
              "title": "Test that user is unable to complete the form successfully with invalid email",
              "fullTitle": "Create Admin Test that user is unable to complete the form successfully with invalid email",
              "timedOut": null,
              "duration": 4299,
              "state": "passed",
              "speed": "fast",
              "pass": true,
              "fail": false,
              "pending": false,
              "context": "{\n  \"title\": \"cypress-mochawesome-reporter-videos\",\n  \"value\": \"cypress/e2e/Administrator/createAdmin.cy.js\"\n}",
              "code": "createAdmin.accessAdminPage();\ncreateAdmin.createAdminUser();\ncreateAdmin.completeEntryFields(invalidEmail);\ncy.get(`[class=\"button-text\"]`).contains(\"Create Administrator\").click();\ncy.contains(\"Email must be a valid email\").should(\"be.visible\");",
              "err": {},
              "uuid": "f394e101-7e23-4284-bbdd-9be2490d4b9a",
              "parentUUID": "84940b85-5bb3-4d0c-826c-2d52bb23c75d",
              "isHook": false,
              "skipped": false
            },
            {
              "title": "Test that user is unable to submit the form with email address of an existing user",
              "fullTitle": "Create Admin Test that user is unable to submit the form with email address of an existing user",
              "timedOut": null,
              "duration": 4993,
              "state": "passed",
              "speed": "fast",
              "pass": true,
              "fail": false,
              "pending": false,
              "context": "{\n  \"title\": \"cypress-mochawesome-reporter-videos\",\n  \"value\": \"cypress/e2e/Administrator/createAdmin.cy.js\"\n}",
              "code": "createAdmin.accessAdminPage();\ncreateAdmin.createAdminUser();\ncreateAdmin.completeEntryFields(validEmail);\ncy.get(`[class=\"button-text\"]`).contains(\"Create Administrator\").click();\ncy.contains(\"Username 'robertoacrl@yopmail.com' is already taken.\").should(\"be.visible\");",
              "err": {},
              "uuid": "046f110a-2bc4-4008-aa8e-84a5be0d1258",
              "parentUUID": "84940b85-5bb3-4d0c-826c-2d52bb23c75d",
              "isHook": false,
              "skipped": false
            }
          ],
          "suites": [],
          "passes": [
            "50490b86-107c-40fe-9ee0-da60f1136dd7",
            "8d296142-7175-4de2-8845-258ac0d393bc",
            "f394e101-7e23-4284-bbdd-9be2490d4b9a",
            "046f110a-2bc4-4008-aa8e-84a5be0d1258"
          ],
          "failures": [],
          "pending": [],
          "skipped": [],
          "duration": 28611,
          "root": false,
          "rootEmpty": false,
          "_timeout": 2000
        }
      ],
      "passes": [],
      "failures": [],
      "pending": [],
      "skipped": [],
      "duration": 0,
      "root": true,
      "rootEmpty": true,
      "_timeout": 2000
    }
  ],
  "meta": {
    "mocha": {
      "version": "7.0.1"
    },
    "mochawesome": {
      "options": {
        "quiet": false,
        "reportFilename": "mochawesome",
        "saveHtml": false,
        "saveJson": true,
        "consoleReporter": "spec",
        "useInlineDiffs": false,
        "code": true
      },
      "version": "7.1.3"
    },
    "marge": {
      "options": {
        "charts": true,
        "reportPageTitle": "custom-title",
        "embeddedScreenshots": true,
        "inlineAssets": true,
        "saveAllAttempts": false,
        "overwrite": false,
        "html": false,
        "json": true,
        "reportDir": "cypress/reports/html/.jsons"
      },
      "version": "6.2.0"
    }
  }
}