{
  "stats": {
    "suites": 1,
    "tests": 4,
    "passes": 4,
    "pending": 0,
    "failures": 0,
    "start": "2023-07-26T11:12:05.004Z",
    "end": "2023-07-26T11:12:36.907Z",
    "duration": 31903,
    "testsRegistered": 4,
    "passPercent": 100,
    "pendingPercent": 0,
    "other": 0,
    "hasOther": false,
    "skipped": 0,
    "hasSkipped": false
  },
  "results": [
    {
      "uuid": "5f700c83-e8ca-489e-b093-6af0d72f8f54",
      "title": "",
      "fullFile": "cypress/e2e/Wallet Management/fundUser.cy.js",
      "file": "cypress/e2e/Wallet Management/fundUser.cy.js",
      "beforeHooks": [],
      "afterHooks": [],
      "tests": [],
      "suites": [
        {
          "uuid": "ed0d9c31-e8f3-461d-b2f5-81bbd1e740ad",
          "title": "Fund User",
          "fullFile": "",
          "file": "",
          "beforeHooks": [],
          "afterHooks": [],
          "tests": [
            {
              "title": "Test that user is able to navigate to fund user popup",
              "fullTitle": "Fund User Test that user is able to navigate to fund user popup",
              "timedOut": null,
              "duration": 9118,
              "state": "passed",
              "speed": "medium",
              "pass": true,
              "fail": false,
              "pending": false,
              "context": "{\n  \"title\": \"cypress-mochawesome-reporter-videos\",\n  \"value\": \"cypress/e2e/Wallet Management/fundUser.cy.js\"\n}",
              "code": "loginPage.login(getPO.email, getPO.password);\nfundUser.accessFundUserPopup();\nfundUser.enterFundDetails(minimumAmount);",
              "err": {},
              "uuid": "11c58886-9f33-4682-855d-c526b330d9d4",
              "parentUUID": "ed0d9c31-e8f3-461d-b2f5-81bbd1e740ad",
              "isHook": false,
              "skipped": false
            },
            {
              "title": "Test that user is unable to fund user if he doesnt enter the required details",
              "fullTitle": "Fund User Test that user is unable to fund user if he doesnt enter the required details",
              "timedOut": null,
              "duration": 4457,
              "state": "passed",
              "speed": "fast",
              "pass": true,
              "fail": false,
              "pending": false,
              "context": "{\n  \"title\": \"cypress-mochawesome-reporter-videos\",\n  \"value\": \"cypress/e2e/Wallet Management/fundUser.cy.js\"\n}",
              "code": "loginPage.login(getPO.email, getPO.password);\nfundUser.accessFundUserPopup();\ncy.get(\".button-text\").contains(\"Transfer\").click();\ncy.contains(\"Username - ClientID is required\").should(\"be.visible\");\ncy.contains(\"Amount is required\").should(\"be.visible\");",
              "err": {},
              "uuid": "d0295f48-dc80-4ab7-9294-3e0a390a65ac",
              "parentUUID": "ed0d9c31-e8f3-461d-b2f5-81bbd1e740ad",
              "isHook": false,
              "skipped": false
            },
            {
              "title": "Test that user is unable to fund user if they enter amount greater that available balance in wallet",
              "fullTitle": "Fund User Test that user is unable to fund user if they enter amount greater that available balance in wallet",
              "timedOut": null,
              "duration": 3929,
              "state": "passed",
              "speed": "fast",
              "pass": true,
              "fail": false,
              "pending": false,
              "context": "{\n  \"title\": \"cypress-mochawesome-reporter-videos\",\n  \"value\": \"cypress/e2e/Wallet Management/fundUser.cy.js\"\n}",
              "code": "loginPage.login(getPO.email, getPO.password);\nfundUser.accessFundUserPopup();\nfundUser.enterFundDetails(maximumNumber);\ncy.get(\".button-text\").contains(\"Transfer\").click();\ncy.get(`.Toastify__toast-body>div:last-child`, {\n  timeout: 5000\n}).should('contain', 'Insufficient balance in Pasha Group program account');",
              "err": {},
              "uuid": "c5970f40-6f57-4f19-a591-520db11b302c",
              "parentUUID": "ed0d9c31-e8f3-461d-b2f5-81bbd1e740ad",
              "isHook": false,
              "skipped": false
            },
            {
              "title": "Test that user is able to transfer money to an end user",
              "fullTitle": "Fund User Test that user is able to transfer money to an end user",
              "timedOut": null,
              "duration": 14319,
              "state": "passed",
              "speed": "slow",
              "pass": true,
              "fail": false,
              "pending": false,
              "context": "{\n  \"title\": \"cypress-mochawesome-reporter-videos\",\n  \"value\": \"cypress/e2e/Wallet Management/fundUser.cy.js\"\n}",
              "code": "loginPage.login(\"progowner.bbcseikz@mailosaur.io\", getPO.password);\nfundUser.accessFundUserPopup();\nfundUser.enterFundDetails(minimumAmount);\ncy.get(\".button-text\").contains(\"Transfer\").click();\ncy.wait(2000);\ncy.get(\".button-text\").contains(\"Yes, continue\").click();\ncy.wait(5000);\nfundUser.getVerificationOTP().then(receivedOTP => {\n  cy.get(':nth-child(1) > .formInput').type(receivedOTP);\n});\ncy.get('.sc-bcXHqe > .button-text').contains(\"Proceed\").click();\ncy.contains(\"User account funded successfully.\").should('be.visible');\ncy.get('[class=\"button-text\"').contains(\"Go back to Wallet\").click();",
              "err": {},
              "uuid": "7b7c2ec9-9a21-446d-b4f6-4899661ba370",
              "parentUUID": "ed0d9c31-e8f3-461d-b2f5-81bbd1e740ad",
              "isHook": false,
              "skipped": false
            }
          ],
          "suites": [],
          "passes": [
            "11c58886-9f33-4682-855d-c526b330d9d4",
            "d0295f48-dc80-4ab7-9294-3e0a390a65ac",
            "c5970f40-6f57-4f19-a591-520db11b302c",
            "7b7c2ec9-9a21-446d-b4f6-4899661ba370"
          ],
          "failures": [],
          "pending": [],
          "skipped": [],
          "duration": 31823,
          "root": false,
          "rootEmpty": false,
          "_timeout": 2000
        }
      ],
      "passes": [],
      "failures": [],
      "pending": [],
      "skipped": [],
      "duration": 0,
      "root": true,
      "rootEmpty": true,
      "_timeout": 2000
    }
  ],
  "meta": {
    "mocha": {
      "version": "7.0.1"
    },
    "mochawesome": {
      "options": {
        "quiet": false,
        "reportFilename": "mochawesome",
        "saveHtml": false,
        "saveJson": true,
        "consoleReporter": "spec",
        "useInlineDiffs": false,
        "code": true
      },
      "version": "7.1.3"
    },
    "marge": {
      "options": {
        "charts": true,
        "reportPageTitle": "custom-title",
        "embeddedScreenshots": true,
        "inlineAssets": true,
        "saveAllAttempts": false,
        "overwrite": false,
        "html": false,
        "json": true,
        "reportDir": "cypress/reports/html/.jsons"
      },
      "version": "6.2.0"
    }
  }
}