{
  "stats": {
    "suites": 1,
    "tests": 7,
    "passes": 6,
    "pending": 0,
    "failures": 1,
    "start": "2023-07-07T06:54:58.048Z",
    "end": "2023-07-07T07:01:53.381Z",
    "duration": 415333,
    "testsRegistered": 11,
    "passPercent": 54.54545454545454,
    "pendingPercent": 0,
    "other": 0,
    "hasOther": false,
    "skipped": 3,
    "hasSkipped": true
  },
  "results": [
    {
      "uuid": "f235e89f-1417-4708-9022-3c4d1df33f97",
      "title": "",
      "fullFile": "cypress/e2e/Ticket and Support/ticketAndSupport.cy.js",
      "file": "cypress/e2e/Ticket and Support/ticketAndSupport.cy.js",
      "beforeHooks": [],
      "afterHooks": [],
      "tests": [],
      "suites": [
        {
          "uuid": "ce7a84f5-3333-41e6-a98d-56a29069b785",
          "title": "Ticket and Support",
          "fullFile": "",
          "file": "",
          "beforeHooks": [],
          "afterHooks": [],
          "tests": [
            {
              "title": "Test that user is able to view the tickets list page",
              "fullTitle": "Ticket and Support Test that user is able to view the tickets list page",
              "timedOut": null,
              "duration": 12676,
              "state": "passed",
              "speed": "slow",
              "pass": true,
              "fail": false,
              "pending": false,
              "context": "{\n  \"title\": \"cypress-mochawesome-reporter-videos\",\n  \"value\": \"cypress/e2e/Ticket and Support/ticketAndSupport.cy.js\"\n}",
              "code": "ticketsPage.accessTicketsPage();",
              "err": {},
              "uuid": "ef49f55b-65c5-4a17-9375-6177878784e4",
              "parentUUID": "ce7a84f5-3333-41e6-a98d-56a29069b785",
              "isHook": false,
              "skipped": false
            },
            {
              "title": "Test that user is able to view the create ticket page",
              "fullTitle": "Ticket and Support Test that user is able to view the create ticket page",
              "timedOut": null,
              "duration": 4073,
              "state": "passed",
              "speed": "fast",
              "pass": true,
              "fail": false,
              "pending": false,
              "context": "{\n  \"title\": \"cypress-mochawesome-reporter-videos\",\n  \"value\": \"cypress/e2e/Ticket and Support/ticketAndSupport.cy.js\"\n}",
              "code": "ticketsPage.accessTicketsPage();\nticketsPage.accessCreateTicketPage();",
              "err": {},
              "uuid": "14a4ddb0-c134-4fab-9a85-2f6606256aef",
              "parentUUID": "ce7a84f5-3333-41e6-a98d-56a29069b785",
              "isHook": false,
              "skipped": false
            },
            {
              "title": "Test that user is unable to submit new ticket without filling the necessary details",
              "fullTitle": "Ticket and Support Test that user is unable to submit new ticket without filling the necessary details",
              "timedOut": null,
              "duration": 3035,
              "state": "passed",
              "speed": "fast",
              "pass": true,
              "fail": false,
              "pending": false,
              "context": "{\n  \"title\": \"cypress-mochawesome-reporter-videos\",\n  \"value\": \"cypress/e2e/Ticket and Support/ticketAndSupport.cy.js\"\n}",
              "code": "ticketsPage.accessTicketsPage();\nticketsPage.accessCreateTicketPage();\ncy.get('[class=\"button-text\"]').contains(\"Submit ticket \").click();\n//cy.contains(\"Please fill necessary fields\")",
              "err": {},
              "uuid": "9496fbbf-f594-40ae-a8f3-6d42ed2b3af9",
              "parentUUID": "ce7a84f5-3333-41e6-a98d-56a29069b785",
              "isHook": false,
              "skipped": false
            },
            {
              "title": "Test that user is able to submit new ticket after filling the necessary details",
              "fullTitle": "Ticket and Support Test that user is able to submit new ticket after filling the necessary details",
              "timedOut": null,
              "duration": 18701,
              "state": "passed",
              "speed": "slow",
              "pass": true,
              "fail": false,
              "pending": false,
              "context": "{\n  \"title\": \"cypress-mochawesome-reporter-videos\",\n  \"value\": \"cypress/e2e/Ticket and Support/ticketAndSupport.cy.js\"\n}",
              "code": "ticketsPage.accessTicketsPage();\nticketsPage.accessCreateTicketPage();\nticketsPage.enterValidDetailsAndSubmit();\ncy.get('[class=\"button-text\"]').contains(\"Submit ticket \").click();\ncy.contains(\"Ticket created successfully\").should(\"be.visible\");\ncy.get(\"table\").contains(\"td\", \"Open\").first().should(\"be.visible\");",
              "err": {},
              "uuid": "8c0c1474-a8ac-4458-8180-53b0eef86b93",
              "parentUUID": "ce7a84f5-3333-41e6-a98d-56a29069b785",
              "isHook": false,
              "skipped": false
            },
            {
              "title": "Test that user is able to comment on a created ticket",
              "fullTitle": "Ticket and Support Test that user is able to comment on a created ticket",
              "timedOut": null,
              "duration": 2741,
              "state": "passed",
              "speed": "fast",
              "pass": true,
              "fail": false,
              "pending": false,
              "context": "{\n  \"title\": \"cypress-mochawesome-reporter-videos\",\n  \"value\": \"cypress/e2e/Ticket and Support/ticketAndSupport.cy.js\"\n}",
              "code": "ticketsPage.accessTicketsPage();\nticketsPage.commentOnTicket();",
              "err": {},
              "uuid": "49650469-29ec-40f4-9272-b4e8d510e16c",
              "parentUUID": "ce7a84f5-3333-41e6-a98d-56a29069b785",
              "isHook": false,
              "skipped": false
            },
            {
              "title": "Test that user is able to close a created ticket",
              "fullTitle": "Ticket and Support Test that user is able to close a created ticket",
              "timedOut": null,
              "duration": 5875,
              "state": "passed",
              "speed": "medium",
              "pass": true,
              "fail": false,
              "pending": false,
              "context": "{\n  \"title\": \"cypress-mochawesome-reporter-videos\",\n  \"value\": \"cypress/e2e/Ticket and Support/ticketAndSupport.cy.js\"\n}",
              "code": "ticketsPage.accessTicketsPage();\nticketsPage.closeTicket();\nticketsPage.accessTicketsPage();",
              "err": {},
              "uuid": "13551b27-553f-45b5-952c-bb954cae45a7",
              "parentUUID": "ce7a84f5-3333-41e6-a98d-56a29069b785",
              "isHook": false,
              "skipped": false
            },
            {
              "title": "Test that user is able to reopen closed ticket",
              "fullTitle": "Ticket and Support Test that user is able to reopen closed ticket",
              "timedOut": null,
              "duration": 82789,
              "state": "failed",
              "speed": null,
              "pass": false,
              "fail": true,
              "pending": false,
              "context": "[\n  {\n    \"title\": \"cypress-mochawesome-reporter-videos\",\n    \"value\": \"cypress/e2e/Ticket and Support/ticketAndSupport.cy.js\"\n  },\n  {\n    \"title\": \"cypress-mochawesome-reporter-screenshots\",\n    \"value\": [\n      [\n        {\n          \"title\": \"Failed screenshot\",\n          \"value\": \"/Ticket and Support/ticketAndSupport.cy.js/Ticket and Support -- Test that user is able to reopen closed ticket (failed).png\"\n        }\n      ],\n      [\n        {\n          \"title\": \"Failed screenshot\",\n          \"value\": \"/Ticket and Support/ticketAndSupport.cy.js/Ticket and Support -- Test that user is able to reopen closed ticket (failed) (attempt 2).png\"\n        }\n      ],\n      [\n        {\n          \"title\": \"Failed screenshot\",\n          \"value\": \"/Ticket and Support/ticketAndSupport.cy.js/Ticket and Support -- Test that user is able to reopen closed ticket (failed) (attempt 3).png\"\n        }\n      ]\n    ]\n  }\n]",
              "code": "ticketsPage.accessTicketsPage();\ncy.get(\"table\").contains(\"td\", \"Closed\").first().should(\"be.visible\");\nticketsPage.reopenTicket();\nticketsPage.accessTicketsPage();\ncy.get(\"table\").contains(\"td\", \"Open\").first().should(\"be.visible\");",
              "err": {
                "message": "AssertionError: Timed out retrying after 80000ms: Expected to find content: 'Open' within the element: <svg> but never did.",
                "estack": "AssertionError: Timed out retrying after 80000ms: Expected to find content: 'Open' within the element: <svg> but never did.\n    at TicketAndSupportPage.reopenTicket (webpack:///./cypress/support/pages/Ticket and Support/ticketAndSupport-page.js:85:41)\n    at Context.eval (webpack:///./cypress/e2e/Ticket and Support/ticketAndSupport.cy.js:53:16)",
                "diff": null
              },
              "uuid": "4e03eefe-9006-4e7e-8eb4-4ad59a340a48",
              "parentUUID": "ce7a84f5-3333-41e6-a98d-56a29069b785",
              "isHook": false,
              "skipped": false
            },
            {
              "title": "Test that user is able to hold a ticket",
              "fullTitle": "Ticket and Support Test that user is able to hold a ticket",
              "timedOut": null,
              "duration": 82084,
              "state": "failed",
              "speed": null,
              "pass": false,
              "fail": true,
              "pending": false,
              "context": "{\n  \"title\": \"cypress-mochawesome-reporter-videos\",\n  \"value\": \"cypress/e2e/Ticket and Support/ticketAndSupport.cy.js\"\n}",
              "code": "ticketsPage.accessTicketsPage();\ncy.get(\"table\").contains(\"td\", \"Open\").first().should(\"be.visible\");\nticketsPage.holdTicket();\nticketsPage.accessTicketsPage();\ncy.get(\"table\").contains(\"td\", \"Hold\").first().should(\"be.visible\");",
              "err": {},
              "uuid": "5c37cdd9-25a6-45af-8410-c6523006e7d3",
              "parentUUID": "ce7a84f5-3333-41e6-a98d-56a29069b785",
              "isHook": false,
              "skipped": false
            },
            {
              "title": "Test that user is unable to submit new ticket with an attachment that isn't supported",
              "fullTitle": "Ticket and Support Test that user is unable to submit new ticket with an attachment that isn't supported",
              "timedOut": null,
              "duration": 0,
              "state": "skipped",
              "speed": null,
              "pass": false,
              "fail": false,
              "pending": false,
              "context": null,
              "code": "ticketsPage.accessTicketsPage();\nticketsPage.accessCreateTicketPage();\nticketsPage.enterValidDetailsAndSubmit();\nticketsPage.uploadInvalidFile();\ncy.contains(\"uploadthis.png has a file type that is not supported for upload\").should(\"be.visible\");",
              "err": {},
              "uuid": "be7bdc37-8ea6-48b2-96f9-88c338efa2db",
              "parentUUID": "ce7a84f5-3333-41e6-a98d-56a29069b785",
              "isHook": false,
              "skipped": true
            },
            {
              "title": "Test that user is unable to submit new ticket with an attachment that is supported but larger than 2MB",
              "fullTitle": "Ticket and Support Test that user is unable to submit new ticket with an attachment that is supported but larger than 2MB",
              "timedOut": null,
              "duration": 0,
              "state": "skipped",
              "speed": null,
              "pass": false,
              "fail": false,
              "pending": false,
              "context": null,
              "code": "ticketsPage.accessTicketsPage();\nticketsPage.accessCreateTicketPage();\nticketsPage.enterValidDetailsAndSubmit();\nticketsPage.uploadLargeFile();\ncy.contains(\"Transactions-history.pdf has a file size larger than 2MB\").should(\"be.visible\");",
              "err": {},
              "uuid": "6dd1a792-2ebd-4364-9663-9e541244b028",
              "parentUUID": "ce7a84f5-3333-41e6-a98d-56a29069b785",
              "isHook": false,
              "skipped": true
            },
            {
              "title": "Test that user is able to submit new ticket with an attachment that is supported and lesser than 2MB",
              "fullTitle": "Ticket and Support Test that user is able to submit new ticket with an attachment that is supported and lesser than 2MB",
              "timedOut": null,
              "duration": 0,
              "state": "skipped",
              "speed": null,
              "pass": false,
              "fail": false,
              "pending": false,
              "context": null,
              "code": "ticketsPage.accessTicketsPage();\nticketsPage.accessCreateTicketPage();\nticketsPage.enterValidDetailsAndSubmit();\nticketsPage.uploadValidFile();\nticketsPage.clickSubmitButton();\ncy.contains(\"Ticket created successfully\").should(\"be.visible\");",
              "err": {},
              "uuid": "a76c92a3-2e81-4ab7-8e28-f6fa07244c0b",
              "parentUUID": "ce7a84f5-3333-41e6-a98d-56a29069b785",
              "isHook": false,
              "skipped": true
            }
          ],
          "suites": [],
          "passes": [
            "ef49f55b-65c5-4a17-9375-6177878784e4",
            "14a4ddb0-c134-4fab-9a85-2f6606256aef",
            "9496fbbf-f594-40ae-a8f3-6d42ed2b3af9",
            "8c0c1474-a8ac-4458-8180-53b0eef86b93",
            "49650469-29ec-40f4-9272-b4e8d510e16c",
            "13551b27-553f-45b5-952c-bb954cae45a7"
          ],
          "failures": [
            "4e03eefe-9006-4e7e-8eb4-4ad59a340a48",
            "5c37cdd9-25a6-45af-8410-c6523006e7d3"
          ],
          "pending": [],
          "skipped": [
            "be7bdc37-8ea6-48b2-96f9-88c338efa2db",
            "6dd1a792-2ebd-4364-9663-9e541244b028",
            "a76c92a3-2e81-4ab7-8e28-f6fa07244c0b"
          ],
          "duration": 211974,
          "root": false,
          "rootEmpty": false,
          "_timeout": 2000
        }
      ],
      "passes": [],
      "failures": [],
      "pending": [],
      "skipped": [],
      "duration": 0,
      "root": true,
      "rootEmpty": true,
      "_timeout": 2000
    }
  ],
  "meta": {
    "mocha": {
      "version": "7.0.1"
    },
    "mochawesome": {
      "options": {
        "quiet": false,
        "reportFilename": "mochawesome",
        "saveHtml": false,
        "saveJson": true,
        "consoleReporter": "spec",
        "useInlineDiffs": false,
        "code": true
      },
      "version": "7.1.3"
    },
    "marge": {
      "options": {
        "charts": true,
        "reportPageTitle": "custom-title",
        "embeddedScreenshots": true,
        "inlineAssets": true,
        "saveAllAttempts": false,
        "overwrite": false,
        "html": false,
        "json": true,
        "reportDir": "cypress/reports/html/.jsons"
      },
      "version": "6.2.0"
    }
  }
}