{
  "stats": {
    "suites": 1,
    "tests": 1,
    "passes": 0,
    "pending": 0,
    "failures": 1,
    "start": "2023-07-06T23:55:47.449Z",
    "end": "2023-07-06T23:58:48.154Z",
    "duration": 180705,
    "testsRegistered": 5,
    "passPercent": 0,
    "pendingPercent": 0,
    "other": 0,
    "hasOther": false,
    "skipped": 4,
    "hasSkipped": true
  },
  "results": [
    {
      "uuid": "8cebb595-1c94-4c7a-a4e8-89edec2ae8a5",
      "title": "",
      "fullFile": "cypress/e2e/Program Management/moreDetails.cy.js",
      "file": "cypress/e2e/Program Management/moreDetails.cy.js",
      "beforeHooks": [],
      "afterHooks": [],
      "tests": [],
      "suites": [
        {
          "uuid": "4d2643a2-fcd5-45c2-b659-978054b7a0c0",
          "title": "Program More Details",
          "fullFile": "",
          "file": "",
          "beforeHooks": [],
          "afterHooks": [],
          "tests": [
            {
              "title": "Test that user is able to view the program more details page",
              "fullTitle": "Program More Details Test that user is able to view the program more details page",
              "timedOut": null,
              "duration": 60210,
              "state": "failed",
              "speed": null,
              "pass": false,
              "fail": true,
              "pending": false,
              "context": "[\n  {\n    \"title\": \"cypress-mochawesome-reporter-videos\",\n    \"value\": \"cypress/e2e/Program Management/moreDetails.cy.js\"\n  },\n  {\n    \"title\": \"cypress-mochawesome-reporter-screenshots\",\n    \"value\": [\n      [\n        {\n          \"title\": \"Failed screenshot\",\n          \"value\": \"/Program Management/moreDetails.cy.js/Program More Details -- Test that user is able to view the program more details page (failed).png\"\n        }\n      ],\n      [\n        {\n          \"title\": \"Failed screenshot\",\n          \"value\": \"/Program Management/moreDetails.cy.js/Program More Details -- Test that user is able to view the program more details page (failed) (attempt 2).png\"\n        }\n      ],\n      [\n        {\n          \"title\": \"Failed screenshot\",\n          \"value\": \"/Program Management/moreDetails.cy.js/Program More Details -- Test that user is able to view the program more details page -- before each hook (failed) (attempt 3).png\"\n        }\n      ]\n    ]\n  }\n]",
              "code": "programDetails.accessProgramPage();\nprogramDetails.openProgramDetails();",
              "err": {
                "message": "CypressError: Timed out after waiting `60000ms` for your remote page to load.\n\nYour page did not fire its `load` event within `60000ms`.\n\nYou can try increasing the `pageLoadTimeout` value in `Users/mac/Documents/whiteLabelPO/whiteLabelPO/cypress.config.js` to wait longer.\n\nBrowsers will not fire the `load` event until all stylesheets and scripts are done downloading.\n\nWhen this `load` event occurs, Cypress will continue running commands.\n\nBecause this error occurred during a `before each` hook we are skipping the remaining tests in the current suite: `Program More Details`",
                "estack": "CypressError: Timed out after waiting `60000ms` for your remote page to load.\n\nYour page did not fire its `load` event within `60000ms`.\n\nYou can try increasing the `pageLoadTimeout` value in `Users/mac/Documents/whiteLabelPO/whiteLabelPO/cypress.config.js` to wait longer.\n\nBrowsers will not fire the `load` event until all stylesheets and scripts are done downloading.\n\nWhen this `load` event occurs, Cypress will continue running commands.\n\nBecause this error occurred during a `before each` hook we are skipping the remaining tests in the current suite: `Program More Details`\n    at timedOutWaitingForPageLoad (https://stagingcompanyadmin.essolo.com/__cypress/runner/cypress_runner.js:147127:72)\n    at <unknown> (https://stagingcompanyadmin.essolo.com/__cypress/runner/cypress_runner.js:148101:16)\n    at tryCatcher (https://stagingcompanyadmin.essolo.com/__cypress/runner/cypress_runner.js:18744:23)\n    at <unknown> (https://stagingcompanyadmin.essolo.com/__cypress/runner/cypress_runner.js:13866:41)\n    at tryCatcher (https://stagingcompanyadmin.essolo.com/__cypress/runner/cypress_runner.js:18744:23)\n    at Promise._settlePromiseFromHandler (https://stagingcompanyadmin.essolo.com/__cypress/runner/cypress_runner.js:16679:31)\n    at Promise._settlePromise (https://stagingcompanyadmin.essolo.com/__cypress/runner/cypress_runner.js:16736:18)\n    at Promise._settlePromise0 (https://stagingcompanyadmin.essolo.com/__cypress/runner/cypress_runner.js:16781:10)\n    at Promise._settlePromises (https://stagingcompanyadmin.essolo.com/__cypress/runner/cypress_runner.js:16857:18)\n    at _drainQueueStep (https://stagingcompanyadmin.essolo.com/__cypress/runner/cypress_runner.js:13451:12)\n    at _drainQueue (https://stagingcompanyadmin.essolo.com/__cypress/runner/cypress_runner.js:13444:9)\n    at ../../node_modules/bluebird/js/release/async.js.Async._drainQueues (https://stagingcompanyadmin.essolo.com/__cypress/runner/cypress_runner.js:13460:5)\n    at Async.drainQueues (https://stagingcompanyadmin.essolo.com/__cypress/runner/cypress_runner.js:13330:14)\nFrom Your Spec Code:\n    at LoginPage.accessLoginModal (webpack:///./cypress/support/pages/shared/login-page.js:9:7)\n    at Context.eval (webpack:///./cypress/e2e/Program Management/moreDetails.cy.js:10:14)",
                "diff": null
              },
              "uuid": "6628d7e1-172b-4339-afc0-c23f7d3be266",
              "parentUUID": "4d2643a2-fcd5-45c2-b659-978054b7a0c0",
              "isHook": false,
              "skipped": false
            },
            {
              "title": "Test that user is able to navigate to the single user page from more details",
              "fullTitle": "Program More Details Test that user is able to navigate to the single user page from more details",
              "timedOut": null,
              "duration": 0,
              "state": "skipped",
              "speed": null,
              "pass": false,
              "fail": false,
              "pending": false,
              "context": null,
              "code": "programDetails.accessProgramPage();\nprogramDetails.openSingleUserCreation();",
              "err": {},
              "uuid": "37c90b02-6edc-41ba-827e-eec46eeba79b",
              "parentUUID": "4d2643a2-fcd5-45c2-b659-978054b7a0c0",
              "isHook": false,
              "skipped": true
            },
            {
              "title": "Test that user is able to access bulk user creation page",
              "fullTitle": "Program More Details Test that user is able to access bulk user creation page",
              "timedOut": null,
              "duration": 0,
              "state": "skipped",
              "speed": null,
              "pass": false,
              "fail": false,
              "pending": false,
              "context": null,
              "code": "programDetails.accessProgramPage();\nprogramDetails.openBulkUserCreation();",
              "err": {},
              "uuid": "78f63f45-d346-4b45-910c-0d284163b282",
              "parentUUID": "4d2643a2-fcd5-45c2-b659-978054b7a0c0",
              "isHook": false,
              "skipped": true
            },
            {
              "title": "Test that user is able to access add user to program page",
              "fullTitle": "Program More Details Test that user is able to access add user to program page",
              "timedOut": null,
              "duration": 0,
              "state": "skipped",
              "speed": null,
              "pass": false,
              "fail": false,
              "pending": false,
              "context": null,
              "code": "programDetails.accessProgramPage();\nprogramDetails.openAddUserToProgram();",
              "err": {},
              "uuid": "81f03470-70b2-4b21-875e-eb369ad4630d",
              "parentUUID": "4d2643a2-fcd5-45c2-b659-978054b7a0c0",
              "isHook": false,
              "skipped": true
            },
            {
              "title": "Test that user is able to access remove user from program",
              "fullTitle": "Program More Details Test that user is able to access remove user from program",
              "timedOut": null,
              "duration": 0,
              "state": "skipped",
              "speed": null,
              "pass": false,
              "fail": false,
              "pending": false,
              "context": null,
              "code": "programDetails.accessProgramPage();\nprogramDetails.openRemoveUser();",
              "err": {},
              "uuid": "c87ce333-e7ec-43fb-8dc1-2a5255a1ba3f",
              "parentUUID": "4d2643a2-fcd5-45c2-b659-978054b7a0c0",
              "isHook": false,
              "skipped": true
            }
          ],
          "suites": [],
          "passes": [],
          "failures": [
            "6628d7e1-172b-4339-afc0-c23f7d3be266"
          ],
          "pending": [],
          "skipped": [
            "37c90b02-6edc-41ba-827e-eec46eeba79b",
            "78f63f45-d346-4b45-910c-0d284163b282",
            "81f03470-70b2-4b21-875e-eb369ad4630d",
            "c87ce333-e7ec-43fb-8dc1-2a5255a1ba3f"
          ],
          "duration": 60210,
          "root": false,
          "rootEmpty": false,
          "_timeout": 2000
        }
      ],
      "passes": [],
      "failures": [],
      "pending": [],
      "skipped": [],
      "duration": 0,
      "root": true,
      "rootEmpty": true,
      "_timeout": 2000
    }
  ],
  "meta": {
    "mocha": {
      "version": "7.0.1"
    },
    "mochawesome": {
      "options": {
        "quiet": false,
        "reportFilename": "mochawesome",
        "saveHtml": false,
        "saveJson": true,
        "consoleReporter": "spec",
        "useInlineDiffs": false,
        "code": true
      },
      "version": "7.1.3"
    },
    "marge": {
      "options": {
        "charts": true,
        "reportPageTitle": "custom-title",
        "embeddedScreenshots": true,
        "inlineAssets": true,
        "saveAllAttempts": false,
        "overwrite": false,
        "html": false,
        "json": true,
        "reportDir": "cypress/reports/html/.jsons"
      },
      "version": "6.2.0"
    }
  }
}