{
  "stats": {
    "suites": 1,
    "tests": 2,
    "passes": 2,
    "pending": 0,
    "failures": 0,
    "start": "2023-07-26T09:47:05.325Z",
    "end": "2023-07-26T09:47:29.999Z",
    "duration": 24674,
    "testsRegistered": 2,
    "passPercent": 100,
    "pendingPercent": 0,
    "other": 0,
    "hasOther": false,
    "skipped": 0,
    "hasSkipped": false
  },
  "results": [
    {
      "uuid": "1545c372-e45e-4881-87d9-a14331e08ff6",
      "title": "",
      "fullFile": "cypress/e2e/Administrator/changeRole.cy.js",
      "file": "cypress/e2e/Administrator/changeRole.cy.js",
      "beforeHooks": [],
      "afterHooks": [],
      "tests": [],
      "suites": [
        {
          "uuid": "d71cec6b-353c-474d-9dfd-6b0b6522644d",
          "title": "Change Role",
          "fullFile": "",
          "file": "",
          "beforeHooks": [],
          "afterHooks": [],
          "tests": [
            {
              "title": "Test that user is able to change role from audit admin to program admin",
              "fullTitle": "Change Role Test that user is able to change role from audit admin to program admin",
              "timedOut": null,
              "duration": 20403,
              "state": "passed",
              "speed": "slow",
              "pass": true,
              "fail": false,
              "pending": false,
              "context": "{\n  \"title\": \"cypress-mochawesome-reporter-videos\",\n  \"value\": \"cypress/e2e/Administrator/changeRole.cy.js\"\n}",
              "code": "createAdmin.accessAdminPage();\ncy.get('table').scrollIntoView();\ncy.get(\"table\").contains(\"td\", \"Audit Admin\").first().should(\"be.visible\");\nchangeRole.clickSecondItem(newRole);\ncreateAdmin.accessAdminPage();\ncy.get('table').scrollIntoView();\ncy.get(\"table\").contains(\"td\", \"Program Management Admin\").first().should(\"be.visible\");",
              "err": {},
              "uuid": "3ddfb957-2abb-4a1b-a1bf-6396fe07acb2",
              "parentUUID": "d71cec6b-353c-474d-9dfd-6b0b6522644d",
              "isHook": false,
              "skipped": false
            },
            {
              "title": "Test that user is able to change role from program admin to audit admin",
              "fullTitle": "Change Role Test that user is able to change role from program admin to audit admin",
              "timedOut": null,
              "duration": 4227,
              "state": "passed",
              "speed": "fast",
              "pass": true,
              "fail": false,
              "pending": false,
              "context": "{\n  \"title\": \"cypress-mochawesome-reporter-videos\",\n  \"value\": \"cypress/e2e/Administrator/changeRole.cy.js\"\n}",
              "code": "createAdmin.accessAdminPage();\ncy.get('table').scrollIntoView();\ncy.get(\"table\").contains(\"td\", \"Program Management Admin\").first().should(\"be.visible\");\nchangeRole.changeSelection(oldRole);\ncreateAdmin.accessAdminPage();\ncy.get('table').scrollIntoView();\ncy.get(\"table\").contains(\"td\", \"Audit Admin\").first().should(\"be.visible\");",
              "err": {},
              "uuid": "a508291b-9951-4e37-a23e-edbcc9461fed",
              "parentUUID": "d71cec6b-353c-474d-9dfd-6b0b6522644d",
              "isHook": false,
              "skipped": false
            }
          ],
          "suites": [],
          "passes": [
            "3ddfb957-2abb-4a1b-a1bf-6396fe07acb2",
            "a508291b-9951-4e37-a23e-edbcc9461fed"
          ],
          "failures": [],
          "pending": [],
          "skipped": [],
          "duration": 24630,
          "root": false,
          "rootEmpty": false,
          "_timeout": 2000
        }
      ],
      "passes": [],
      "failures": [],
      "pending": [],
      "skipped": [],
      "duration": 0,
      "root": true,
      "rootEmpty": true,
      "_timeout": 2000
    }
  ],
  "meta": {
    "mocha": {
      "version": "7.0.1"
    },
    "mochawesome": {
      "options": {
        "quiet": false,
        "reportFilename": "mochawesome",
        "saveHtml": false,
        "saveJson": true,
        "consoleReporter": "spec",
        "useInlineDiffs": false,
        "code": true
      },
      "version": "7.1.3"
    },
    "marge": {
      "options": {
        "charts": true,
        "reportPageTitle": "custom-title",
        "embeddedScreenshots": true,
        "inlineAssets": true,
        "saveAllAttempts": false,
        "overwrite": false,
        "html": false,
        "json": true,
        "reportDir": "cypress/reports/html/.jsons"
      },
      "version": "6.2.0"
    }
  }
}