{
  "stats": {
    "suites": 1,
    "tests": 2,
    "passes": 0,
    "pending": 0,
    "failures": 2,
    "start": "2023-07-07T07:14:42.744Z",
    "end": "2023-07-07T07:23:40.464Z",
    "duration": 537720,
    "testsRegistered": 2,
    "passPercent": 0,
    "pendingPercent": 0,
    "other": 0,
    "hasOther": false,
    "skipped": 0,
    "hasSkipped": false
  },
  "results": [
    {
      "uuid": "61ee6b28-7bcd-433e-bc7c-05cc7a6d5ff6",
      "title": "",
      "fullFile": "cypress/e2e/User Management/deactivateUser.cy.js",
      "file": "cypress/e2e/User Management/deactivateUser.cy.js",
      "beforeHooks": [],
      "afterHooks": [],
      "tests": [],
      "suites": [
        {
          "uuid": "260b4bc6-7a1d-4181-bfd3-a4b3fcb159f6",
          "title": "Deactivate and Activate User",
          "fullFile": "",
          "file": "",
          "beforeHooks": [],
          "afterHooks": [],
          "tests": [
            {
              "title": "Test that user is able to deactivate a user in the organization",
              "fullTitle": "Deactivate and Activate User Test that user is able to deactivate a user in the organization",
              "timedOut": null,
              "duration": 81961,
              "state": "failed",
              "speed": null,
              "pass": false,
              "fail": true,
              "pending": false,
              "context": "[\n  {\n    \"title\": \"cypress-mochawesome-reporter-videos\",\n    \"value\": \"cypress/e2e/User Management/deactivateUser.cy.js\"\n  },\n  {\n    \"title\": \"cypress-mochawesome-reporter-screenshots\",\n    \"value\": [\n      [\n        {\n          \"title\": \"Failed screenshot\",\n          \"value\": \"/User Management/deactivateUser.cy.js/Deactivate and Activate User -- Test that user is able to deactivate a user in the organization (failed).png\"\n        }\n      ],\n      [\n        {\n          \"title\": \"Failed screenshot\",\n          \"value\": \"/User Management/deactivateUser.cy.js/Deactivate and Activate User -- Test that user is able to deactivate a user in the organization (failed) (attempt 2).png\"\n        }\n      ],\n      [\n        {\n          \"title\": \"Failed screenshot\",\n          \"value\": \"/User Management/deactivateUser.cy.js/Deactivate and Activate User -- Test that user is able to deactivate a user in the organization (failed) (attempt 3).png\"\n        }\n      ]\n    ]\n  }\n]",
              "code": "newUserPage.accessEndUserPage();\ncy.get(\"table\").contains(\"td\", \"Inactive\").first().scrollIntoView().should(\"be.visible\");\ndeactivateUserPage.clickFirstItem();\ndeactivateUserPage.deactivateUser();\ncy.contains(\"User deactivated successfully\");",
              "err": {
                "message": "AssertionError: Timed out retrying after 80000ms: Expected to find element: `[href=\"/dashboard/users\"] > span`, but never found it.",
                "estack": "AssertionError: Timed out retrying after 80000ms: Expected to find element: `[href=\"/dashboard/users\"] > span`, but never found it.\n    at CreateUserPage.eval [as endUserMenuItem] (webpack:///./cypress/support/pages/User Management/createUser-page.js:9:7)\n    at CreateUserPage.accessEndUserPage (webpack:///./cypress/support/pages/User Management/createUser-page.js:43:9)\n    at Context.eval (webpack:///./cypress/e2e/User Management/deactivateUser.cy.js:20:16)",
                "diff": null
              },
              "uuid": "1176e7b2-e2bd-4328-b3ab-87ee6a0da02a",
              "parentUUID": "260b4bc6-7a1d-4181-bfd3-a4b3fcb159f6",
              "isHook": false,
              "skipped": false
            },
            {
              "title": "Test that user is able to activate a user in the organization",
              "fullTitle": "Deactivate and Activate User Test that user is able to activate a user in the organization",
              "timedOut": null,
              "duration": 82704,
              "state": "failed",
              "speed": null,
              "pass": false,
              "fail": true,
              "pending": false,
              "context": "[\n  {\n    \"title\": \"cypress-mochawesome-reporter-videos\",\n    \"value\": \"cypress/e2e/User Management/deactivateUser.cy.js\"\n  },\n  {\n    \"title\": \"cypress-mochawesome-reporter-screenshots\",\n    \"value\": [\n      [\n        {\n          \"title\": \"Failed screenshot\",\n          \"value\": \"/User Management/deactivateUser.cy.js/Deactivate and Activate User -- Test that user is able to activate a user in the organization (failed).png\"\n        }\n      ],\n      [\n        {\n          \"title\": \"Failed screenshot\",\n          \"value\": \"/User Management/deactivateUser.cy.js/Deactivate and Activate User -- Test that user is able to activate a user in the organization (failed) (attempt 2).png\"\n        }\n      ],\n      [\n        {\n          \"title\": \"Failed screenshot\",\n          \"value\": \"/User Management/deactivateUser.cy.js/Deactivate and Activate User -- Test that user is able to activate a user in the organization (failed) (attempt 3).png\"\n        }\n      ]\n    ]\n  }\n]",
              "code": "newUserPage.accessEndUserPage();\ncy.get(\"table\").contains(\"td\", \"Deactivated\").first().scrollIntoView().should(\"be.visible\");\ndeactivateUserPage.clickFirstItem();\ndeactivateUserPage.activateUser();\ncy.contains(\"User reactivated successfully.\");",
              "err": {
                "message": "AssertionError: Timed out retrying after 80000ms: Expected to find content: 'Deactivated' within the element: <table> and with the selector: 'td' but never did.",
                "estack": "AssertionError: Timed out retrying after 80000ms: Expected to find content: 'Deactivated' within the element: <table> and with the selector: 'td' but never did.\n    at Context.eval (webpack:///./cypress/e2e/User Management/deactivateUser.cy.js:29:20)",
                "diff": null
              },
              "uuid": "0fa7efde-f04c-44aa-9b77-f34fe7666253",
              "parentUUID": "260b4bc6-7a1d-4181-bfd3-a4b3fcb159f6",
              "isHook": false,
              "skipped": false
            }
          ],
          "suites": [],
          "passes": [],
          "failures": [
            "1176e7b2-e2bd-4328-b3ab-87ee6a0da02a",
            "0fa7efde-f04c-44aa-9b77-f34fe7666253"
          ],
          "pending": [],
          "skipped": [],
          "duration": 164665,
          "root": false,
          "rootEmpty": false,
          "_timeout": 2000
        }
      ],
      "passes": [],
      "failures": [],
      "pending": [],
      "skipped": [],
      "duration": 0,
      "root": true,
      "rootEmpty": true,
      "_timeout": 2000
    }
  ],
  "meta": {
    "mocha": {
      "version": "7.0.1"
    },
    "mochawesome": {
      "options": {
        "quiet": false,
        "reportFilename": "mochawesome",
        "saveHtml": false,
        "saveJson": true,
        "consoleReporter": "spec",
        "useInlineDiffs": false,
        "code": true
      },
      "version": "7.1.3"
    },
    "marge": {
      "options": {
        "charts": true,
        "reportPageTitle": "custom-title",
        "embeddedScreenshots": true,
        "inlineAssets": true,
        "saveAllAttempts": false,
        "overwrite": false,
        "html": false,
        "json": true,
        "reportDir": "cypress/reports/html/.jsons"
      },
      "version": "6.2.0"
    }
  }
}