{
  "stats": {
    "suites": 1,
    "tests": 4,
    "passes": 0,
    "pending": 0,
    "failures": 4,
    "start": "2023-07-26T09:58:11.454Z",
    "end": "2023-07-26T10:11:32.297Z",
    "duration": 800843,
    "testsRegistered": 8,
    "passPercent": 0,
    "pendingPercent": 0,
    "other": 0,
    "hasOther": false,
    "skipped": 4,
    "hasSkipped": true
  },
  "results": [
    {
      "uuid": "9094bdd0-5e8a-402f-9050-5dfa2ad38ab8",
      "title": "",
      "fullFile": "cypress/e2e/Program Management/moreDetails.cy.js",
      "file": "cypress/e2e/Program Management/moreDetails.cy.js",
      "beforeHooks": [],
      "afterHooks": [],
      "tests": [],
      "suites": [
        {
          "uuid": "b930cbdf-7718-446e-a0b5-3d36aab69449",
          "title": "Program More Details",
          "fullFile": "",
          "file": "",
          "beforeHooks": [],
          "afterHooks": [],
          "tests": [
            {
              "title": "Test that user is able to view the program more details page",
              "fullTitle": "Program More Details Test that user is able to view the program more details page",
              "timedOut": null,
              "duration": 82596,
              "state": "failed",
              "speed": null,
              "pass": false,
              "fail": true,
              "pending": false,
              "context": "[\n  {\n    \"title\": \"cypress-mochawesome-reporter-videos\",\n    \"value\": \"cypress/e2e/Program Management/moreDetails.cy.js\"\n  },\n  {\n    \"title\": \"cypress-mochawesome-reporter-screenshots\",\n    \"value\": [\n      [\n        {\n          \"title\": \"Failed screenshot\",\n          \"value\": \"/Program Management/moreDetails.cy.js/Program More Details -- Test that user is able to view the program more details page (failed).png\"\n        }\n      ],\n      [\n        {\n          \"title\": \"Failed screenshot\",\n          \"value\": \"/Program Management/moreDetails.cy.js/Program More Details -- Test that user is able to view the program more details page (failed) (attempt 2).png\"\n        }\n      ],\n      [\n        {\n          \"title\": \"Failed screenshot\",\n          \"value\": \"/Program Management/moreDetails.cy.js/Program More Details -- Test that user is able to view the program more details page (failed) (attempt 3).png\"\n        }\n      ]\n    ]\n  }\n]",
              "code": "programDetails.accessProgramPage();\nprogramDetails.openProgramDetails();",
              "err": {
                "message": "AssertionError: Timed out retrying after 80000ms: Expected to find element: `[href=\"/dashboard/programs\"] > span`, but never found it.",
                "estack": "AssertionError: Timed out retrying after 80000ms: Expected to find element: `[href=\"/dashboard/programs\"] > span`, but never found it.\n    at MoreDetailsPage.eval [as programMenuItem] (webpack:///./cypress/support/pages/Program Management/moreDetails-page.js:2:29)\n    at MoreDetailsPage.accessProgramPage (webpack:///./cypress/support/pages/Program Management/moreDetails-page.js:35:9)\n    at Context.eval (webpack:///./cypress/e2e/Program Management/moreDetails.cy.js:15:19)",
                "diff": null
              },
              "uuid": "f69a78da-cd5f-41cf-a06a-fd20d674acf5",
              "parentUUID": "b930cbdf-7718-446e-a0b5-3d36aab69449",
              "isHook": false,
              "skipped": false
            },
            {
              "title": "Test that user is able to navigate to the single user page from more details",
              "fullTitle": "Program More Details Test that user is able to navigate to the single user page from more details",
              "timedOut": null,
              "duration": 86525,
              "state": "failed",
              "speed": null,
              "pass": false,
              "fail": true,
              "pending": false,
              "context": "[\n  {\n    \"title\": \"cypress-mochawesome-reporter-videos\",\n    \"value\": \"cypress/e2e/Program Management/moreDetails.cy.js\"\n  },\n  {\n    \"title\": \"cypress-mochawesome-reporter-screenshots\",\n    \"value\": [\n      [\n        {\n          \"title\": \"Failed screenshot\",\n          \"value\": \"/Program Management/moreDetails.cy.js/Program More Details -- Test that user is able to navigate to the single user page from more details (failed).png\"\n        }\n      ],\n      [\n        {\n          \"title\": \"Failed screenshot\",\n          \"value\": \"/Program Management/moreDetails.cy.js/Program More Details -- Test that user is able to navigate to the single user page from more details (failed) (attempt 2).png\"\n        }\n      ],\n      [\n        {\n          \"title\": \"Failed screenshot\",\n          \"value\": \"/Program Management/moreDetails.cy.js/Program More Details -- Test that user is able to navigate to the single user page from more details (failed) (attempt 3).png\"\n        }\n      ]\n    ]\n  }\n]",
              "code": "programDetails.accessProgramPage();\nprogramDetails.openSingleUserCreation();",
              "err": {
                "message": "AssertionError: Timed out retrying after 80000ms: Expected to find content: 'View and manage all programs' but never did.",
                "estack": "AssertionError: Timed out retrying after 80000ms: Expected to find content: 'View and manage all programs' but never did.\n    at MoreDetailsPage.accessProgramPage (webpack:///./cypress/support/pages/Program Management/moreDetails-page.js:36:27)\n    at Context.eval (webpack:///./cypress/e2e/Program Management/moreDetails.cy.js:26:19)",
                "diff": null
              },
              "uuid": "2ed709b4-d8b8-43ec-a919-70711df0eef9",
              "parentUUID": "b930cbdf-7718-446e-a0b5-3d36aab69449",
              "isHook": false,
              "skipped": false
            },
            {
              "title": "Test that user is able to access bulk user creation page",
              "fullTitle": "Program More Details Test that user is able to access bulk user creation page",
              "timedOut": null,
              "duration": 88732,
              "state": "failed",
              "speed": null,
              "pass": false,
              "fail": true,
              "pending": false,
              "context": "[\n  {\n    \"title\": \"cypress-mochawesome-reporter-videos\",\n    \"value\": \"cypress/e2e/Program Management/moreDetails.cy.js\"\n  },\n  {\n    \"title\": \"cypress-mochawesome-reporter-screenshots\",\n    \"value\": [\n      [\n        {\n          \"title\": \"Failed screenshot\",\n          \"value\": \"/Program Management/moreDetails.cy.js/Program More Details -- Test that user is able to access bulk user creation page (failed).png\"\n        }\n      ],\n      [\n        {\n          \"title\": \"Failed screenshot\",\n          \"value\": \"/Program Management/moreDetails.cy.js/Program More Details -- Test that user is able to access bulk user creation page (failed) (attempt 2).png\"\n        }\n      ],\n      [\n        {\n          \"title\": \"Failed screenshot\",\n          \"value\": \"/Program Management/moreDetails.cy.js/Program More Details -- Test that user is able to access bulk user creation page (failed) (attempt 3).png\"\n        }\n      ]\n    ]\n  }\n]",
              "code": "programDetails.accessProgramPage();\nprogramDetails.openBulkUserCreation();",
              "err": {
                "message": "AssertionError: Timed out retrying after 80000ms: Expected to find content: 'View and manage all programs' but never did.",
                "estack": "AssertionError: Timed out retrying after 80000ms: Expected to find content: 'View and manage all programs' but never did.\n    at MoreDetailsPage.accessProgramPage (webpack:///./cypress/support/pages/Program Management/moreDetails-page.js:36:27)\n    at Context.eval (webpack:///./cypress/e2e/Program Management/moreDetails.cy.js:31:19)",
                "diff": null
              },
              "uuid": "5946bccd-fde9-4189-a988-f868400209c7",
              "parentUUID": "b930cbdf-7718-446e-a0b5-3d36aab69449",
              "isHook": false,
              "skipped": false
            },
            {
              "title": "Test that user is able to access add user to program page",
              "fullTitle": "Program More Details Test that user is able to access add user to program page",
              "timedOut": null,
              "duration": 30209,
              "state": "failed",
              "speed": null,
              "pass": false,
              "fail": true,
              "pending": false,
              "context": "[\n  {\n    \"title\": \"cypress-mochawesome-reporter-videos\",\n    \"value\": \"cypress/e2e/Program Management/moreDetails.cy.js\"\n  },\n  {\n    \"title\": \"cypress-mochawesome-reporter-screenshots\",\n    \"value\": [\n      [\n        {\n          \"title\": \"Failed screenshot\",\n          \"value\": \"/Program Management/moreDetails.cy.js/Program More Details -- Test that user is able to access add user to program page (failed).png\"\n        }\n      ],\n      [\n        {\n          \"title\": \"Failed screenshot\",\n          \"value\": \"/Program Management/moreDetails.cy.js/Program More Details -- Test that user is able to access add user to program page (failed) (attempt 2).png\"\n        }\n      ],\n      [\n        {\n          \"title\": \"Failed screenshot\",\n          \"value\": \"/Program Management/moreDetails.cy.js/Program More Details -- Test that user is able to access add user to program page -- before each hook (failed) (attempt 3).png\"\n        }\n      ]\n    ]\n  }\n]",
              "code": "programDetails.accessProgramPage();\nprogramDetails.openAddUserToProgram();",
              "err": {
                "message": "CypressError: `cy.visit()` failed trying to load:\n\nhttps://stagingcompanyadmin.essolo.com/\n\nWe attempted to make an http request to this URL but the request failed without a response.\n\nWe received this error at the network level:\n\n  > Error: ESOCKETTIMEDOUT\n\nCommon situations why this would fail:\n  - you don't have internet access\n  - you forgot to run / boot your web server\n  - your web server isn't accessible\n  - you have weird network configuration settings on your computer\n\nBecause this error occurred during a `before each` hook we are skipping the remaining tests in the current suite: `Program More Details`",
                "estack": "CypressError: `cy.visit()` failed trying to load:\n\nhttps://stagingcompanyadmin.essolo.com/\n\nWe attempted to make an http request to this URL but the request failed without a response.\n\nWe received this error at the network level:\n\n  > Error: ESOCKETTIMEDOUT\n\nCommon situations why this would fail:\n  - you don't have internet access\n  - you forgot to run / boot your web server\n  - your web server isn't accessible\n  - you have weird network configuration settings on your computer\n\nBecause this error occurred during a `before each` hook we are skipping the remaining tests in the current suite: `Program More Details`\n    at <unknown> (https://stagingcompanyadmin.essolo.com/__cypress/runner/cypress_runner.js:148084:82)\n    at visitFailedByErr (https://stagingcompanyadmin.essolo.com/__cypress/runner/cypress_runner.js:147476:12)\n    at <unknown> (https://stagingcompanyadmin.essolo.com/__cypress/runner/cypress_runner.js:148083:11)\n    at tryCatcher (https://stagingcompanyadmin.essolo.com/__cypress/runner/cypress_runner.js:18744:23)\n    at Promise._settlePromiseFromHandler (https://stagingcompanyadmin.essolo.com/__cypress/runner/cypress_runner.js:16679:31)\n    at Promise._settlePromise (https://stagingcompanyadmin.essolo.com/__cypress/runner/cypress_runner.js:16736:18)\n    at Promise._settlePromise0 (https://stagingcompanyadmin.essolo.com/__cypress/runner/cypress_runner.js:16781:10)\n    at Promise._settlePromises (https://stagingcompanyadmin.essolo.com/__cypress/runner/cypress_runner.js:16857:18)\n    at _drainQueueStep (https://stagingcompanyadmin.essolo.com/__cypress/runner/cypress_runner.js:13451:12)\n    at _drainQueue (https://stagingcompanyadmin.essolo.com/__cypress/runner/cypress_runner.js:13444:9)\n    at ../../node_modules/bluebird/js/release/async.js.Async._drainQueues (https://stagingcompanyadmin.essolo.com/__cypress/runner/cypress_runner.js:13460:5)\n    at Async.drainQueues (https://stagingcompanyadmin.essolo.com/__cypress/runner/cypress_runner.js:13330:14)\nFrom Your Spec Code:\n    at LoginPage.accessLoginModal (webpack:///./cypress/support/pages/shared/login-page.js:9:7)\n    at Context.eval (webpack:///./cypress/e2e/Program Management/moreDetails.cy.js:10:14)\n\nFrom Node.js Internals:\n  Error: ESOCKETTIMEDOUT\n      at ClientRequest.<anonymous> (<embedded>:1956:73317)\n      at Object.onceWrapper (node:events:641:28)\n      at ClientRequest.emit (node:events:527:28)\n      at TLSSocket.emitRequestTimeout (node:_http_client:771:9)\n      at Object.onceWrapper (node:events:641:28)\n      at TLSSocket.emit (node:events:539:35)\n      at Socket._onTimeout (node:net:516:8)\n      at listOnTimeout (node:internal/timers:559:17)\n      at process.processTimers (node:internal/timers:502:7)",
                "diff": null
              },
              "uuid": "4377176f-3fe6-4f97-9228-34bc752a0c84",
              "parentUUID": "b930cbdf-7718-446e-a0b5-3d36aab69449",
              "isHook": false,
              "skipped": false
            },
            {
              "title": "Test that user is able to access remove user from program",
              "fullTitle": "Program More Details Test that user is able to access remove user from program",
              "timedOut": null,
              "duration": 0,
              "state": "skipped",
              "speed": null,
              "pass": false,
              "fail": false,
              "pending": false,
              "context": null,
              "code": "programDetails.accessProgramPage();\nprogramDetails.openRemoveUser();",
              "err": {},
              "uuid": "8e0fba16-8e85-4943-8755-02eea0f1771a",
              "parentUUID": "b930cbdf-7718-446e-a0b5-3d36aab69449",
              "isHook": false,
              "skipped": true
            },
            {
              "title": "Test that user is able to view list of transactions",
              "fullTitle": "Program More Details Test that user is able to view list of transactions",
              "timedOut": null,
              "duration": 0,
              "state": "skipped",
              "speed": null,
              "pass": false,
              "fail": false,
              "pending": false,
              "context": null,
              "code": "programDetails.accessProgramPage();\nprogramDetails.viewTransactionsPage();",
              "err": {},
              "uuid": "8d4e29f2-e122-4ba6-aec8-f2c73c2bc387",
              "parentUUID": "b930cbdf-7718-446e-a0b5-3d36aab69449",
              "isHook": false,
              "skipped": true
            },
            {
              "title": "Test that user is able to view administrators",
              "fullTitle": "Program More Details Test that user is able to view administrators",
              "timedOut": null,
              "duration": 0,
              "state": "skipped",
              "speed": null,
              "pass": false,
              "fail": false,
              "pending": false,
              "context": null,
              "code": "programDetails.accessProgramPage();\nprogramDetails.openAdministratorsPage();",
              "err": {},
              "uuid": "1801f79f-b5a5-4d37-907a-88fd79995f5d",
              "parentUUID": "b930cbdf-7718-446e-a0b5-3d36aab69449",
              "isHook": false,
              "skipped": true
            },
            {
              "title": "Test that user is able to view end users",
              "fullTitle": "Program More Details Test that user is able to view end users",
              "timedOut": null,
              "duration": 0,
              "state": "skipped",
              "speed": null,
              "pass": false,
              "fail": false,
              "pending": false,
              "context": null,
              "code": "programDetails.accessProgramPage();\nprogramDetails.openEndUsersPage();",
              "err": {},
              "uuid": "46446a04-3166-4b9d-8dbb-7a6b6d4a2fef",
              "parentUUID": "b930cbdf-7718-446e-a0b5-3d36aab69449",
              "isHook": false,
              "skipped": true
            }
          ],
          "suites": [],
          "passes": [],
          "failures": [
            "f69a78da-cd5f-41cf-a06a-fd20d674acf5",
            "2ed709b4-d8b8-43ec-a919-70711df0eef9",
            "5946bccd-fde9-4189-a988-f868400209c7",
            "4377176f-3fe6-4f97-9228-34bc752a0c84"
          ],
          "pending": [],
          "skipped": [
            "8e0fba16-8e85-4943-8755-02eea0f1771a",
            "8d4e29f2-e122-4ba6-aec8-f2c73c2bc387",
            "1801f79f-b5a5-4d37-907a-88fd79995f5d",
            "46446a04-3166-4b9d-8dbb-7a6b6d4a2fef"
          ],
          "duration": 288062,
          "root": false,
          "rootEmpty": false,
          "_timeout": 2000
        }
      ],
      "passes": [],
      "failures": [],
      "pending": [],
      "skipped": [],
      "duration": 0,
      "root": true,
      "rootEmpty": true,
      "_timeout": 2000
    }
  ],
  "meta": {
    "mocha": {
      "version": "7.0.1"
    },
    "mochawesome": {
      "options": {
        "quiet": false,
        "reportFilename": "mochawesome",
        "saveHtml": false,
        "saveJson": true,
        "consoleReporter": "spec",
        "useInlineDiffs": false,
        "code": true
      },
      "version": "7.1.3"
    },
    "marge": {
      "options": {
        "charts": true,
        "reportPageTitle": "custom-title",
        "embeddedScreenshots": true,
        "inlineAssets": true,
        "saveAllAttempts": false,
        "overwrite": false,
        "html": false,
        "json": true,
        "reportDir": "cypress/reports/html/.jsons"
      },
      "version": "6.2.0"
    }
  }
}