{
  "stats": {
    "suites": 1,
    "tests": 5,
    "passes": 5,
    "pending": 0,
    "failures": 0,
    "start": "2023-07-07T06:54:02.503Z",
    "end": "2023-07-07T06:54:48.824Z",
    "duration": 46321,
    "testsRegistered": 5,
    "passPercent": 100,
    "pendingPercent": 0,
    "other": 0,
    "hasOther": false,
    "skipped": 0,
    "hasSkipped": false
  },
  "results": [
    {
      "uuid": "a8ca59b1-049d-446e-93ea-0a4592998456",
      "title": "",
      "fullFile": "cypress/e2e/Program Management/moreDetails.cy.js",
      "file": "cypress/e2e/Program Management/moreDetails.cy.js",
      "beforeHooks": [],
      "afterHooks": [],
      "tests": [],
      "suites": [
        {
          "uuid": "1fb12a64-8b7d-4235-9a0e-0c07b8e1fdca",
          "title": "Program More Details",
          "fullFile": "",
          "file": "",
          "beforeHooks": [],
          "afterHooks": [],
          "tests": [
            {
              "title": "Test that user is able to view the program more details page",
              "fullTitle": "Program More Details Test that user is able to view the program more details page",
              "timedOut": null,
              "duration": 35463,
              "state": "passed",
              "speed": "slow",
              "pass": true,
              "fail": false,
              "pending": false,
              "context": "{\n  \"title\": \"cypress-mochawesome-reporter-videos\",\n  \"value\": \"cypress/e2e/Program Management/moreDetails.cy.js\"\n}",
              "code": "programDetails.accessProgramPage();\nprogramDetails.openProgramDetails();",
              "err": {},
              "uuid": "91511242-09fc-408d-8766-bdee1c6b741a",
              "parentUUID": "1fb12a64-8b7d-4235-9a0e-0c07b8e1fdca",
              "isHook": false,
              "skipped": false
            },
            {
              "title": "Test that user is able to navigate to the single user page from more details",
              "fullTitle": "Program More Details Test that user is able to navigate to the single user page from more details",
              "timedOut": null,
              "duration": 3557,
              "state": "passed",
              "speed": "fast",
              "pass": true,
              "fail": false,
              "pending": false,
              "context": "{\n  \"title\": \"cypress-mochawesome-reporter-videos\",\n  \"value\": \"cypress/e2e/Program Management/moreDetails.cy.js\"\n}",
              "code": "programDetails.accessProgramPage();\nprogramDetails.openSingleUserCreation();",
              "err": {},
              "uuid": "133b3383-9551-4aab-ad73-d5bc0a8c8ab1",
              "parentUUID": "1fb12a64-8b7d-4235-9a0e-0c07b8e1fdca",
              "isHook": false,
              "skipped": false
            },
            {
              "title": "Test that user is able to access bulk user creation page",
              "fullTitle": "Program More Details Test that user is able to access bulk user creation page",
              "timedOut": null,
              "duration": 2273,
              "state": "passed",
              "speed": "fast",
              "pass": true,
              "fail": false,
              "pending": false,
              "context": "{\n  \"title\": \"cypress-mochawesome-reporter-videos\",\n  \"value\": \"cypress/e2e/Program Management/moreDetails.cy.js\"\n}",
              "code": "programDetails.accessProgramPage();\nprogramDetails.openBulkUserCreation();",
              "err": {},
              "uuid": "feee9e14-23fb-400e-a0cb-38ef640e07c9",
              "parentUUID": "1fb12a64-8b7d-4235-9a0e-0c07b8e1fdca",
              "isHook": false,
              "skipped": false
            },
            {
              "title": "Test that user is able to access add user to program page",
              "fullTitle": "Program More Details Test that user is able to access add user to program page",
              "timedOut": null,
              "duration": 2221,
              "state": "passed",
              "speed": "fast",
              "pass": true,
              "fail": false,
              "pending": false,
              "context": "{\n  \"title\": \"cypress-mochawesome-reporter-videos\",\n  \"value\": \"cypress/e2e/Program Management/moreDetails.cy.js\"\n}",
              "code": "programDetails.accessProgramPage();\nprogramDetails.openAddUserToProgram();",
              "err": {},
              "uuid": "5e181212-92a2-4fb6-b6b4-7f65f08063a3",
              "parentUUID": "1fb12a64-8b7d-4235-9a0e-0c07b8e1fdca",
              "isHook": false,
              "skipped": false
            },
            {
              "title": "Test that user is able to access remove user from program",
              "fullTitle": "Program More Details Test that user is able to access remove user from program",
              "timedOut": null,
              "duration": 2742,
              "state": "passed",
              "speed": "fast",
              "pass": true,
              "fail": false,
              "pending": false,
              "context": "{\n  \"title\": \"cypress-mochawesome-reporter-videos\",\n  \"value\": \"cypress/e2e/Program Management/moreDetails.cy.js\"\n}",
              "code": "programDetails.accessProgramPage();\nprogramDetails.openRemoveUser();",
              "err": {},
              "uuid": "00c5e887-93e6-494f-88b6-dc4bed95e622",
              "parentUUID": "1fb12a64-8b7d-4235-9a0e-0c07b8e1fdca",
              "isHook": false,
              "skipped": false
            }
          ],
          "suites": [],
          "passes": [
            "91511242-09fc-408d-8766-bdee1c6b741a",
            "133b3383-9551-4aab-ad73-d5bc0a8c8ab1",
            "feee9e14-23fb-400e-a0cb-38ef640e07c9",
            "5e181212-92a2-4fb6-b6b4-7f65f08063a3",
            "00c5e887-93e6-494f-88b6-dc4bed95e622"
          ],
          "failures": [],
          "pending": [],
          "skipped": [],
          "duration": 46256,
          "root": false,
          "rootEmpty": false,
          "_timeout": 2000
        }
      ],
      "passes": [],
      "failures": [],
      "pending": [],
      "skipped": [],
      "duration": 0,
      "root": true,
      "rootEmpty": true,
      "_timeout": 2000
    }
  ],
  "meta": {
    "mocha": {
      "version": "7.0.1"
    },
    "mochawesome": {
      "options": {
        "quiet": false,
        "reportFilename": "mochawesome",
        "saveHtml": false,
        "saveJson": true,
        "consoleReporter": "spec",
        "useInlineDiffs": false,
        "code": true
      },
      "version": "7.1.3"
    },
    "marge": {
      "options": {
        "charts": true,
        "reportPageTitle": "custom-title",
        "embeddedScreenshots": true,
        "inlineAssets": true,
        "saveAllAttempts": false,
        "overwrite": false,
        "html": false,
        "json": true,
        "reportDir": "cypress/reports/html/.jsons"
      },
      "version": "6.2.0"
    }
  }
}